{"logTime": "1120/221817", "correlationVector":"YGTwqv458G7Uo2KjoHTsqD.127","action":"GetUpdates", "result":"DeleteReceived", "context":{"id":"10c9f2ab-7093-4fee-a248-6a6a90d84fea", "isDeleted:":"true", "version":"1728759616901"}}
{"logTime": "1120/221817", "correlationVector":"YGTwqv458G7Uo2KjoHTsqD.128","action":"GetUpdates", "result":"DeleteReceived", "context":{"id":"dc627763-a6a5-4a02-8712-79b8a6739b77", "isDeleted:":"true", "version":"1728759616902"}}
{"logTime": "1120/221817", "correlationVector":"YGTwqv458G7Uo2KjoHTsqD.129","action":"GetUpdates", "result":"DeleteReceived", "context":{"id":"d1865f85-3f48-455b-9688-d7789b6801d2", "isDeleted:":"true", "version":"1728759616903"}}
{"logTime": "1120/221817", "correlationVector":"YGTwqv458G7Uo2KjoHTsqD.130","action":"GetUpdates", "result":"DeleteReceived", "context":{"id":"f0cf082c-4437-4ada-82b5-734f1014d51d", "isDeleted:":"true", "version":"1728759616904"}}
{"logTime": "1120/221817", "correlationVector":"YGTwqv458G7Uo2KjoHTsqD.131","action":"GetUpdates", "result":"DeleteReceived", "context":{"id":"5fc3037c-3ccb-4a8c-8866-576a568dc0c0", "isDeleted:":"true", "version":"1728759616905"}}
{"logTime": "1120/221817", "correlationVector":"YGTwqv458G7Uo2KjoHTsqD.132","action":"GetUpdates", "result":"DeleteReceived", "context":{"id":"ff19b8b2-8bad-42e9-add1-23a7ac593841", "isDeleted:":"true", "version":"1728759616906"}}
{"logTime": "1120/221817", "correlationVector":"YGTwqv458G7Uo2KjoHTsqD.133","action":"GetUpdates", "result":"DeleteReceived", "context":{"id":"206c80f0-5b77-4af8-b3b9-c358bc77a62f", "isDeleted:":"true", "version":"1728759616907"}}
{"logTime": "1120/221817", "correlationVector":"YGTwqv458G7Uo2KjoHTsqD.134","action":"GetUpdates", "result":"DeleteReceived", "context":{"id":"bd4e247b-1da7-4d0a-bb76-d140f1f23c2d", "isDeleted:":"true", "version":"1728759616908"}}
{"logTime": "1120/221817", "correlationVector":"YGTwqv458G7Uo2KjoHTsqD.135","action":"GetUpdates", "result":"DeleteReceived", "context":{"id":"8c1315f4-64c4-484c-9903-ba6795f68345", "isDeleted:":"true", "version":"1728759616910"}}
{"logTime": "1120/221817", "correlationVector":"YGTwqv458G7Uo2KjoHTsqD.136","action":"GetUpdates", "result":"DeleteReceived", "context":{"id":"c35b24c4-5598-401e-9b65-8d3e35847e01", "isDeleted:":"true", "version":"1728759616911"}}
{"logTime": "1120/221817", "correlationVector":"YGTwqv458G7Uo2KjoHTsqD.137","action":"GetUpdates", "result":"DeleteReceived", "context":{"id":"ee43b2df-df1b-47e3-a1fb-e908df277323", "isDeleted:":"true", "version":"1728759616912"}}
{"logTime": "1120/221817", "correlationVector":"YGTwqv458G7Uo2KjoHTsqD.138","action":"GetUpdates", "result":"DeleteReceived", "context":{"id":"1d9fbd8f-bac7-4dec-9f6e-f68b6263803c", "isDeleted:":"true", "version":"1728761108072"}}
{"logTime": "1120/221817", "correlationVector":"YGTwqv458G7Uo2KjoHTsqD.139","action":"GetUpdates", "result":"DeleteReceived", "context":{"id":"6079a1dd-f42f-4b88-8c5e-02965d3ead27", "isDeleted:":"true", "version":"1728761108076"}}
{"logTime": "1120/221817", "correlationVector":"YGTwqv458G7Uo2KjoHTsqD.140","action":"GetUpdates", "result":"DeleteReceived", "context":{"id":"7daf5fc1-ab7d-4071-a67f-6d309bf69eb8", "isDeleted:":"true", "version":"1728797439119"}}
{"logTime": "1120/221817", "correlationVector":"YGTwqv458G7Uo2KjoHTsqD.141","action":"GetUpdates", "result":"DeleteReceived", "context":{"id":"93b3c387-481a-4213-882d-97cb67d124b3", "isDeleted:":"true", "version":"1728797730624"}}
{"logTime": "1120/221817", "correlationVector":"YGTwqv458G7Uo2KjoHTsqD.142","action":"GetUpdates", "result":"DeleteReceived", "context":{"id":"85135480-de8c-413e-a7d3-aaa30f5967f1", "isDeleted:":"true", "version":"1728802243436"}}
{"logTime": "1120/221817", "correlationVector":"YGTwqv458G7Uo2KjoHTsqD.143","action":"GetUpdates", "result":"DeleteReceived", "context":{"id":"7c90901b-89c1-4bea-b32a-c0c308b8078f", "isDeleted:":"true", "version":"1728856214591"}}
{"logTime": "1120/221817", "correlationVector":"YGTwqv458G7Uo2KjoHTsqD.144","action":"GetUpdates", "result":"DeleteReceived", "context":{"id":"a41fe557-21a8-4daf-83b1-6aeb0f5bc320", "isDeleted:":"true", "version":"1728856214593"}}
{"logTime": "1120/221817", "correlationVector":"YGTwqv458G7Uo2KjoHTsqD.145","action":"GetUpdates", "result":"DeleteReceived", "context":{"id":"b3734254-2973-422e-89aa-0abe6b2f530e", "isDeleted:":"true", "version":"1728856214595"}}
{"logTime": "1120/221817", "correlationVector":"YGTwqv458G7Uo2KjoHTsqD.146","action":"GetUpdates", "result":"DeleteReceived", "context":{"id":"e2db6029-ca73-415a-9558-30e851b32bbc", "isDeleted:":"true", "version":"1728856214597"}}
{"logTime": "1120/221817", "correlationVector":"YGTwqv458G7Uo2KjoHTsqD.147","action":"GetUpdates", "result":"DeleteReceived", "context":{"id":"2a5f5ae9-4879-4fdd-b69a-98be88d76cc1", "isDeleted:":"true", "version":"1728856214599"}}
{"logTime": "1120/221817", "correlationVector":"YGTwqv458G7Uo2KjoHTsqD.148","action":"GetUpdates", "result":"DeleteReceived", "context":{"id":"d634d0cb-81e9-42a9-8df0-5c6e4239882a", "isDeleted:":"true", "version":"1728856214600"}}
{"logTime": "1120/221817", "correlationVector":"YGTwqv458G7Uo2KjoHTsqD.149","action":"GetUpdates", "result":"DeleteReceived", "context":{"id":"b6dc1f3a-64b8-438f-9441-8192803061dd", "isDeleted:":"true", "version":"1728856214601"}}
{"logTime": "1120/221817", "correlationVector":"YGTwqv458G7Uo2KjoHTsqD.150","action":"GetUpdates", "result":"DeleteReceived", "context":{"id":"dbc237c6-0ee4-4906-a569-0c66a0b703b0", "isDeleted:":"true", "version":"1728867913585"}}
{"logTime": "1120/221817", "correlationVector":"YGTwqv458G7Uo2KjoHTsqD.151","action":"GetUpdates", "result":"DeleteReceived", "context":{"id":"3ec14d1e-d89a-4f8d-8adf-efa1cbdaa80d", "isDeleted:":"true", "version":"1728867913586"}}
{"logTime": "1120/221817", "correlationVector":"YGTwqv458G7Uo2KjoHTsqD.152","action":"GetUpdates", "result":"DeleteReceived", "context":{"id":"239f1b90-e780-42e4-8c84-410ca11710d4", "isDeleted:":"true", "version":"1728867913589"}}
{"logTime": "1120/221817", "correlationVector":"YGTwqv458G7Uo2KjoHTsqD.153","action":"GetUpdates", "result":"DeleteReceived", "context":{"id":"bcdd8cd6-9eb4-4b29-be47-864b61139617", "isDeleted:":"true", "version":"1728867913590"}}
{"logTime": "1120/221817", "correlationVector":"YGTwqv458G7Uo2KjoHTsqD.154","action":"GetUpdates", "result":"DeleteReceived", "context":{"id":"698f4192-f940-4728-ae32-16bc2e81b691", "isDeleted:":"true", "version":"1728867913591"}}
{"logTime": "1120/221817", "correlationVector":"YGTwqv458G7Uo2KjoHTsqD.155","action":"GetUpdates", "result":"DeleteReceived", "context":{"id":"1447c86f-0bc6-48ba-be88-6ece5951b80f", "isDeleted:":"true", "version":"1728867913592"}}
{"logTime": "1120/221817", "correlationVector":"YGTwqv458G7Uo2KjoHTsqD.156","action":"GetUpdates", "result":"DeleteReceived", "context":{"id":"c95c0aca-0553-4fc3-a0ce-ac246637026c", "isDeleted:":"true", "version":"1728867913594"}}
{"logTime": "1120/221817", "correlationVector":"YGTwqv458G7Uo2KjoHTsqD.157","action":"GetUpdates", "result":"DeleteReceived", "context":{"id":"37a20522-cb3c-4901-aa76-0f22c2f6e15e", "isDeleted:":"true", "version":"1728867913595"}}
{"logTime": "1120/221817", "correlationVector":"YGTwqv458G7Uo2KjoHTsqD.158","action":"GetUpdates", "result":"DeleteReceived", "context":{"id":"051a4102-0b9c-4e40-ae14-93a02e2f2779", "isDeleted:":"true", "version":"1728867913598"}}
{"logTime": "1120/221817", "correlationVector":"YGTwqv458G7Uo2KjoHTsqD.159","action":"GetUpdates", "result":"DeleteReceived", "context":{"id":"428e6914-9820-4846-af11-ebb5f477d875", "isDeleted:":"true", "version":"1728913213394"}}
{"logTime": "1120/221817", "correlationVector":"YGTwqv458G7Uo2KjoHTsqD.160","action":"GetUpdates", "result":"DeleteReceived", "context":{"id":"71810dbe-d93f-4f42-a560-5485afdda37c", "isDeleted:":"true", "version":"1728913213395"}}
{"logTime": "1120/221817", "correlationVector":"YGTwqv458G7Uo2KjoHTsqD.161","action":"GetUpdates", "result":"DeleteReceived", "context":{"id":"d81a577d-393e-4021-8865-fc5618b92554", "isDeleted:":"true", "version":"1728913213396"}}
{"logTime": "1120/221817", "correlationVector":"YGTwqv458G7Uo2KjoHTsqD.162","action":"GetUpdates", "result":"DeleteReceived", "context":{"id":"9a7b6d97-e308-4579-b243-66ced822e994", "isDeleted:":"true", "version":"1728913213397"}}
{"logTime": "1120/221817", "correlationVector":"YGTwqv458G7Uo2KjoHTsqD.163","action":"GetUpdates", "result":"DeleteReceived", "context":{"id":"c92109b0-88b0-4b6a-b384-b461d1bd9b3c", "isDeleted:":"true", "version":"1728913213398"}}
{"logTime": "1120/221817", "correlationVector":"YGTwqv458G7Uo2KjoHTsqD.164","action":"GetUpdates", "result":"DeleteReceived", "context":{"id":"6965236f-7ccc-429b-8cc9-ef37b93acf00", "isDeleted:":"true", "version":"1728913213400"}}
{"logTime": "1120/221817", "correlationVector":"YGTwqv458G7Uo2KjoHTsqD.165","action":"GetUpdates", "result":"DeleteReceived", "context":{"id":"8d81182b-0cc3-49f1-8ab4-2a639802382a", "isDeleted:":"true", "version":"1728913213401"}}
{"logTime": "1120/221817", "correlationVector":"YGTwqv458G7Uo2KjoHTsqD.166","action":"GetUpdates", "result":"DeleteReceived", "context":{"id":"4c25f338-c2f2-4f49-b024-6218eb1fb489", "isDeleted:":"true", "version":"1728913213402"}}
{"logTime": "1120/221817", "correlationVector":"YGTwqv458G7Uo2KjoHTsqD.167","action":"GetUpdates", "result":"DeleteReceived", "context":{"id":"81aa5d7d-3412-419f-b1c2-f2571d5d13dd", "isDeleted:":"true", "version":"1728913213403"}}
{"logTime": "1120/221817", "correlationVector":"YGTwqv458G7Uo2KjoHTsqD.168","action":"GetUpdates", "result":"DeleteReceived", "context":{"id":"cb38cb37-26bb-402c-adcf-6cadcdbdbb59", "isDeleted:":"true", "version":"1728971832465"}}
{"logTime": "1120/221817", "correlationVector":"YGTwqv458G7Uo2KjoHTsqD.169","action":"GetUpdates", "result":"DeleteReceived", "context":{"id":"df8947c5-e161-4aca-824d-9c3d1a96ce6c", "isDeleted:":"true", "version":"1728971853297"}}
{"logTime": "1120/221817", "correlationVector":"YGTwqv458G7Uo2KjoHTsqD.170","action":"GetUpdates", "result":"DeleteReceived", "context":{"id":"e6ffda7a-0097-453e-a923-74654fb42b31", "isDeleted:":"true", "version":"1729019232679"}}
{"logTime": "1120/221817", "correlationVector":"YGTwqv458G7Uo2KjoHTsqD.171","action":"GetUpdates", "result":"DeleteReceived", "context":{"id":"02a7ccc9-e730-4bf4-a8cc-175fe8d02753", "isDeleted:":"true", "version":"1729019322388"}}
{"logTime": "1120/221817", "correlationVector":"YGTwqv458G7Uo2KjoHTsqD.172","action":"GetUpdates", "result":"DeleteReceived", "context":{"id":"ef122fb7-1c4d-484b-84d7-29a59c46fdc7", "isDeleted:":"true", "version":"1729021154173"}}
{"logTime": "1120/221817", "correlationVector":"YGTwqv458G7Uo2KjoHTsqD.173","action":"GetUpdates", "result":"DeleteReceived", "context":{"id":"d3d81196-f22e-49e7-9a4e-ada183828aa9", "isDeleted:":"true", "version":"1729022166248"}}
{"logTime": "1120/221817", "correlationVector":"YGTwqv458G7Uo2KjoHTsqD.174","action":"GetUpdates", "result":"DeleteReceived", "context":{"id":"b370437f-f624-4c41-a0d4-0c4d2ad8758e", "isDeleted:":"true", "version":"1729023565945"}}
{"logTime": "1120/221817", "correlationVector":"YGTwqv458G7Uo2KjoHTsqD.175","action":"GetUpdates", "result":"DeleteReceived", "context":{"id":"504479d9-6aed-4c3c-94aa-cf17db703821", "isDeleted:":"true", "version":"1729023565946"}}
{"logTime": "1120/221817", "correlationVector":"YGTwqv458G7Uo2KjoHTsqD.176","action":"GetUpdates", "result":"DeleteReceived", "context":{"id":"b52948b1-ff29-48aa-aecb-c31d0cf566cc", "isDeleted:":"true", "version":"1729023565947"}}
{"logTime": "1120/221817", "correlationVector":"YGTwqv458G7Uo2KjoHTsqD.177","action":"GetUpdates", "result":"DeleteReceived", "context":{"id":"ea4663a2-1656-4f5b-aae2-1c89c6f90709", "isDeleted:":"true", "version":"1729023565948"}}
{"logTime": "1120/221817", "correlationVector":"YGTwqv458G7Uo2KjoHTsqD.178","action":"GetUpdates", "result":"DeleteReceived", "context":{"id":"b91d943a-2dd7-49e5-ba5d-5d749c1f4508", "isDeleted:":"true", "version":"1729023565949"}}
{"logTime": "1120/221817", "correlationVector":"YGTwqv458G7Uo2KjoHTsqD.179","action":"GetUpdates", "result":"DeleteReceived", "context":{"id":"56b0d6e0-dfb1-4c3c-a848-2c7cc317872d", "isDeleted:":"true", "version":"1729023565950"}}
{"logTime": "1120/221817", "correlationVector":"YGTwqv458G7Uo2KjoHTsqD.180","action":"GetUpdates", "result":"DeleteReceived", "context":{"id":"dcef4b41-9a42-411c-b0f4-b86f156ee518", "isDeleted:":"true", "version":"1729023565951"}}
{"logTime": "1120/221817", "correlationVector":"YGTwqv458G7Uo2KjoHTsqD.181","action":"GetUpdates", "result":"DeleteReceived", "context":{"id":"6dc7ef25-14d1-401f-9088-ae240e3219d9", "isDeleted:":"true", "version":"1729023565952"}}
{"logTime": "1120/221817", "correlationVector":"YGTwqv458G7Uo2KjoHTsqD.182","action":"GetUpdates", "result":"DeleteReceived", "context":{"id":"4d9fc262-46b5-4443-8feb-fc6321815075", "isDeleted:":"true", "version":"1729023565953"}}
{"logTime": "1120/221817", "correlationVector":"YGTwqv458G7Uo2KjoHTsqD.183","action":"GetUpdates", "result":"DeleteReceived", "context":{"id":"d81f31cc-f0db-4cfe-94f0-cf30645768a6", "isDeleted:":"true", "version":"1729023565954"}}
{"logTime": "1120/221817", "correlationVector":"YGTwqv458G7Uo2KjoHTsqD.184","action":"GetUpdates", "result":"DeleteReceived", "context":{"id":"02595292-0b03-41f2-992e-15808b19df55", "isDeleted:":"true", "version":"1729023565955"}}
{"logTime": "1120/221817", "correlationVector":"YGTwqv458G7Uo2KjoHTsqD.185","action":"GetUpdates", "result":"DeleteReceived", "context":{"id":"2b22c513-7a60-4139-b4db-a037acdaa04b", "isDeleted:":"true", "version":"1729023565956"}}
{"logTime": "1120/221817", "correlationVector":"YGTwqv458G7Uo2KjoHTsqD.186","action":"GetUpdates", "result":"DeleteReceived", "context":{"id":"0f80b00c-b567-477a-8e2c-c52d2d4967e3", "isDeleted:":"true", "version":"1729023565957"}}
{"logTime": "1120/221817", "correlationVector":"YGTwqv458G7Uo2KjoHTsqD.187","action":"GetUpdates", "result":"DeleteReceived", "context":{"id":"300d1bb6-ab89-431c-b255-42621ac2118e", "isDeleted:":"true", "version":"1729023565958"}}
{"logTime": "1120/221817", "correlationVector":"YGTwqv458G7Uo2KjoHTsqD.188","action":"GetUpdates", "result":"DeleteReceived", "context":{"id":"f4733257-0dcd-4dcb-8eb2-64a1b7677b66", "isDeleted:":"true", "version":"1729023565959"}}
{"logTime": "1120/221817", "correlationVector":"YGTwqv458G7Uo2KjoHTsqD.189","action":"GetUpdates", "result":"DeleteReceived", "context":{"id":"f61269d0-435e-4f40-ac19-f170dcf75f25", "isDeleted:":"true", "version":"1729023565960"}}
{"logTime": "1120/221817", "correlationVector":"YGTwqv458G7Uo2KjoHTsqD.190","action":"GetUpdates", "result":"DeleteReceived", "context":{"id":"f1d914d6-b8cf-46f7-8b91-381360ea5951", "isDeleted:":"true", "version":"1729023565961"}}
{"logTime": "1120/221817", "correlationVector":"YGTwqv458G7Uo2KjoHTsqD.191","action":"GetUpdates", "result":"DeleteReceived", "context":{"id":"106a7ab7-020a-4423-a2cd-5145a366813b", "isDeleted:":"true", "version":"1729023565962"}}
{"logTime": "1120/221817", "correlationVector":"YGTwqv458G7Uo2KjoHTsqD.192","action":"GetUpdates", "result":"DeleteReceived", "context":{"id":"c9c0474c-5e10-4d07-a7d0-54f56cfe9459", "isDeleted:":"true", "version":"1729023565963"}}
{"logTime": "1120/221817", "correlationVector":"YGTwqv458G7Uo2KjoHTsqD.193","action":"GetUpdates", "result":"DeleteReceived", "context":{"id":"a5a39951-529d-47fd-a16d-af373c2f0191", "isDeleted:":"true", "version":"1729023715189"}}
{"logTime": "1120/221817", "correlationVector":"YGTwqv458G7Uo2KjoHTsqD.194","action":"GetUpdates", "result":"DeleteReceived", "context":{"id":"02721051-ba59-47e6-acef-404ae183010d", "isDeleted:":"true", "version":"1729028433777"}}
{"logTime": "1120/221817", "correlationVector":"YGTwqv458G7Uo2KjoHTsqD.195","action":"GetUpdates", "result":"DeleteReceived", "context":{"id":"6563db59-be02-4a50-a901-6fa725003b65", "isDeleted:":"true", "version":"1729028433779"}}
{"logTime": "1120/221817", "correlationVector":"YGTwqv458G7Uo2KjoHTsqD.196","action":"GetUpdates", "result":"DeleteReceived", "context":{"id":"d5859ce1-6387-43eb-a54e-1cc524986608", "isDeleted:":"true", "version":"1729028433780"}}
{"logTime": "1120/221817", "correlationVector":"YGTwqv458G7Uo2KjoHTsqD.197","action":"GetUpdates", "result":"DeleteReceived", "context":{"id":"d347bdc4-160d-48d9-a13f-51b03965770e", "isDeleted:":"true", "version":"1729028433781"}}
{"logTime": "1120/221817", "correlationVector":"YGTwqv458G7Uo2KjoHTsqD.198","action":"GetUpdates", "result":"DeleteReceived", "context":{"id":"a2560f92-f70d-4eba-8225-d2abc92f55d1", "isDeleted:":"true", "version":"1729028561244"}}
{"logTime": "1120/221817", "correlationVector":"YGTwqv458G7Uo2KjoHTsqD.199","action":"GetUpdates", "result":"DeleteReceived", "context":{"id":"0594afae-eb19-478d-8177-cfff98056bf5", "isDeleted:":"true", "version":"1729028561245"}}
{"logTime": "1120/221817", "correlationVector":"YGTwqv458G7Uo2KjoHTsqD.200","action":"GetUpdates", "result":"DeleteReceived", "context":{"id":"7083126f-f800-47b2-ae68-3f9a5f07db98", "isDeleted:":"true", "version":"1729034479054"}}
{"logTime": "1120/221817", "correlationVector":"YGTwqv458G7Uo2KjoHTsqD.201","action":"GetUpdates", "result":"DeleteReceived", "context":{"id":"5456af2a-fd3c-46a1-b8c7-c863d82751d2", "isDeleted:":"true", "version":"1729102323292"}}
{"logTime": "1120/221817", "correlationVector":"YGTwqv458G7Uo2KjoHTsqD.202","action":"GetUpdates", "result":"DeleteReceived", "context":{"id":"1ad519f2-51a9-43bc-ba99-a69875745191", "isDeleted:":"true", "version":"1729102323294"}}
{"logTime": "1120/221817", "correlationVector":"YGTwqv458G7Uo2KjoHTsqD.203","action":"GetUpdates", "result":"DeleteReceived", "context":{"id":"fb98bbb4-9110-4b4c-80fd-4614165f207c", "isDeleted:":"true", "version":"1729102323295"}}
{"logTime": "1120/221817", "correlationVector":"YGTwqv458G7Uo2KjoHTsqD.204","action":"GetUpdates", "result":"DeleteReceived", "context":{"id":"63fe8d50-1a85-45a1-83e6-a9080c52918f", "isDeleted:":"true", "version":"1729102323296"}}
{"logTime": "1120/221817", "correlationVector":"YGTwqv458G7Uo2KjoHTsqD.205","action":"GetUpdates", "result":"DeleteReceived", "context":{"id":"72b4b68f-b9fa-43df-be50-305c857c13b9", "isDeleted:":"true", "version":"1729102323297"}}
{"logTime": "1120/221817", "correlationVector":"YGTwqv458G7Uo2KjoHTsqD.206","action":"GetUpdates", "result":"DeleteReceived", "context":{"id":"dd7a8009-fa76-4512-87ec-f15e9cd290db", "isDeleted:":"true", "version":"1729102323298"}}
{"logTime": "1120/221817", "correlationVector":"YGTwqv458G7Uo2KjoHTsqD.207","action":"GetUpdates", "result":"DeleteReceived", "context":{"id":"ef37878a-86b6-4c34-9ae2-36cb47444714", "isDeleted:":"true", "version":"1729102323299"}}
{"logTime": "1120/221817", "correlationVector":"YGTwqv458G7Uo2KjoHTsqD.208","action":"GetUpdates", "result":"DeleteReceived", "context":{"id":"855979e0-ae3b-4575-a90a-30bb49882dbf", "isDeleted:":"true", "version":"1729102323300"}}
{"logTime": "1120/221817", "correlationVector":"YGTwqv458G7Uo2KjoHTsqD.209","action":"GetUpdates", "result":"DeleteReceived", "context":{"id":"2825fd8f-0351-4ca0-b2fd-da1b5a6f5084", "isDeleted:":"true", "version":"1729102323301"}}
{"logTime": "1120/221817", "correlationVector":"YGTwqv458G7Uo2KjoHTsqD.210","action":"GetUpdates", "result":"DeleteReceived", "context":{"id":"cf987168-52a1-4abb-a777-e149e10f5d8c", "isDeleted:":"true", "version":"1729102323302"}}
{"logTime": "1120/221817", "correlationVector":"YGTwqv458G7Uo2KjoHTsqD.211","action":"GetUpdates", "result":"DeleteReceived", "context":{"id":"d253f8cb-f5aa-4ef7-8f34-2ba06e5f36b1", "isDeleted:":"true", "version":"1729102323303"}}
{"logTime": "1120/221817", "correlationVector":"YGTwqv458G7Uo2KjoHTsqD.212","action":"GetUpdates", "result":"DeleteReceived", "context":{"id":"2e7c9ad8-c9d0-41c7-a15b-22832853dedf", "isDeleted:":"true", "version":"1729102323304"}}
{"logTime": "1120/221817", "correlationVector":"YGTwqv458G7Uo2KjoHTsqD.213","action":"GetUpdates", "result":"DeleteReceived", "context":{"id":"bab699fd-857c-4e60-b6f6-2a59acd1d679", "isDeleted:":"true", "version":"1729102427737"}}
{"logTime": "1120/221817", "correlationVector":"YGTwqv458G7Uo2KjoHTsqD.214","action":"GetUpdates", "result":"DeleteReceived", "context":{"id":"0d0f4d5c-e0de-44e1-aac4-ed33721748f9", "isDeleted:":"true", "version":"1729103171362"}}
{"logTime": "1120/221817", "correlationVector":"YGTwqv458G7Uo2KjoHTsqD.215","action":"GetUpdates", "result":"DeleteReceived", "context":{"id":"da3c3e84-cf0b-44c9-bc48-df5464f40269", "isDeleted:":"true", "version":"1729103171364"}}
{"logTime": "1120/221817", "correlationVector":"YGTwqv458G7Uo2KjoHTsqD.216","action":"GetUpdates", "result":"DeleteReceived", "context":{"id":"767f775f-1bc6-4669-aacc-60e847f7ab2b", "isDeleted:":"true", "version":"1729116202255"}}
{"logTime": "1120/221817", "correlationVector":"YGTwqv458G7Uo2KjoHTsqD.217","action":"GetUpdates", "result":"DeleteReceived", "context":{"id":"0bd21e75-919b-4fc6-81c9-3d9b25738d16", "isDeleted:":"true", "version":"1729117703003"}}
{"logTime": "1120/221817", "correlationVector":"YGTwqv458G7Uo2KjoHTsqD.218","action":"GetUpdates", "result":"DeleteReceived", "context":{"id":"6a11e225-d938-4486-8f85-c5a78d8ccc85", "isDeleted:":"true", "version":"1729126927477"}}
{"logTime": "1120/221817", "correlationVector":"YGTwqv458G7Uo2KjoHTsqD.219","action":"GetUpdates", "result":"DeleteReceived", "context":{"id":"84037b09-70f3-4045-a932-45963a88f030", "isDeleted:":"true", "version":"1729126927479"}}
{"logTime": "1120/221817", "correlationVector":"YGTwqv458G7Uo2KjoHTsqD.220","action":"GetUpdates", "result":"DeleteReceived", "context":{"id":"a2ffdff5-c096-4efb-9baf-bdf3e5c6d2a2", "isDeleted:":"true", "version":"1729126927481"}}
{"logTime": "1120/221817", "correlationVector":"YGTwqv458G7Uo2KjoHTsqD.221","action":"GetUpdates", "result":"DeleteReceived", "context":{"id":"1ffd56d8-f062-404e-9b09-150862d75498", "isDeleted:":"true", "version":"1729126927482"}}
{"logTime": "1120/221817", "correlationVector":"YGTwqv458G7Uo2KjoHTsqD.222","action":"GetUpdates", "result":"DeleteReceived", "context":{"id":"bbd2907a-913d-44a7-b58f-58744005e2e2", "isDeleted:":"true", "version":"1729126927483"}}
{"logTime": "1120/221817", "correlationVector":"YGTwqv458G7Uo2KjoHTsqD.223","action":"GetUpdates", "result":"DeleteReceived", "context":{"id":"fdc4f1fa-ce76-4eee-8f10-050a1d32920c", "isDeleted:":"true", "version":"1729126927485"}}
{"logTime": "1120/221817", "correlationVector":"YGTwqv458G7Uo2KjoHTsqD.224","action":"GetUpdates", "result":"DeleteReceived", "context":{"id":"60084f59-e995-4834-9995-69a6b9c91e5d", "isDeleted:":"true", "version":"1729032703508"}}
{"logTime": "1120/221817", "correlationVector":"YGTwqv458G7Uo2KjoHTsqD.225","action":"GetUpdates Response", "result":"Success", "context":Received 250 update(s). cV=YGTwqv458G7Uo2KjoHTsqD.0;server=GENERAL0100000P;cloudType=Consumer;environment=Prod_WestEurope_000l;migrationStage=NotStarted Some updates remain.}
{"logTime": "1120/221817", "correlationVector":"+/aWr1ix0Vkl+5sUbEmsDR","action":"Initial GetUpdates", "result":"", "context":Reason: NEWLY_SUPPORTED_DATATYPE. cV=+/aWr1ix0Vkl+5sUbEmsDR}
{"logTime": "1120/221817", "correlationVector":"+/aWr1ix0Vkl+5sUbEmsDR.1","action":"SyncServerConnectionManagerRequest", "result":"SYNC_SERVER_OK", "context":{"environment":"Prod_WestEurope_000l", "migrationStage":"NotStarted", "server":"general0100000H"}}
{"logTime": "1120/221817", "correlationVector":"+/aWr1ix0Vkl+5sUbEmsDR.2","action":"GetUpdates", "result":"DeleteReceived", "context":{"id":"de42c093-c038-4219-8c3d-751f217e1780", "isDeleted:":"true", "version":"1731949753847"}}
{"logTime": "1120/221817", "correlationVector":"+/aWr1ix0Vkl+5sUbEmsDR.3","action":"GetUpdates", "result":"DeleteReceived", "context":{"id":"a46da05e-6cbf-47e7-ab25-3dc4ab9aa0c3", "isDeleted:":"true", "version":"1729126927486"}}
{"logTime": "1120/221817", "correlationVector":"+/aWr1ix0Vkl+5sUbEmsDR.4","action":"GetUpdates", "result":"DeleteReceived", "context":{"id":"c60dbaec-272f-43be-a9f9-b41f1152050c", "isDeleted:":"true", "version":"1729126927487"}}
{"logTime": "1120/221817", "correlationVector":"+/aWr1ix0Vkl+5sUbEmsDR.5","action":"GetUpdates", "result":"DeleteReceived", "context":{"id":"adf48aa7-d6e0-4827-8ba8-6e5af1f12074", "isDeleted:":"true", "version":"1729346157046"}}
{"logTime": "1120/221817", "correlationVector":"+/aWr1ix0Vkl+5sUbEmsDR.6","action":"GetUpdates", "result":"DeleteReceived", "context":{"id":"0d1ab015-964e-4888-bab4-3cee2b25ddf4", "isDeleted:":"true", "version":"1729346787340"}}
{"logTime": "1120/221817", "correlationVector":"+/aWr1ix0Vkl+5sUbEmsDR.7","action":"GetUpdates", "result":"DeleteReceived", "context":{"id":"dc26b681-1e3a-45c0-bafa-041dddd449ce", "isDeleted:":"true", "version":"1729412789191"}}
{"logTime": "1120/221817", "correlationVector":"+/aWr1ix0Vkl+5sUbEmsDR.8","action":"GetUpdates", "result":"DeleteReceived", "context":{"id":"96e38c85-79eb-4e7a-b70c-054cfc3811e5", "isDeleted:":"true", "version":"1729412789194"}}
{"logTime": "1120/221817", "correlationVector":"+/aWr1ix0Vkl+5sUbEmsDR.9","action":"GetUpdates", "result":"DeleteReceived", "context":{"id":"0eafef1e-2034-4b3d-a369-b2f58c6e73bc", "isDeleted:":"true", "version":"1729412984314"}}
{"logTime": "1120/221817", "correlationVector":"+/aWr1ix0Vkl+5sUbEmsDR.10","action":"GetUpdates", "result":"DeleteReceived", "context":{"id":"a40b00c2-8c2c-47d1-8525-17f879e69af0", "isDeleted:":"true", "version":"1729412984315"}}
{"logTime": "1120/221817", "correlationVector":"+/aWr1ix0Vkl+5sUbEmsDR.11","action":"GetUpdates", "result":"DeleteReceived", "context":{"id":"bf35a74f-5ea8-4270-acf0-98bdaa72efac", "isDeleted:":"true", "version":"1729412984316"}}
{"logTime": "1120/221817", "correlationVector":"+/aWr1ix0Vkl+5sUbEmsDR.12","action":"GetUpdates", "result":"DeleteReceived", "context":{"id":"63f86390-5a9a-4d34-b26b-7d16a9ce80ea", "isDeleted:":"true", "version":"1729412984317"}}
{"logTime": "1120/221817", "correlationVector":"+/aWr1ix0Vkl+5sUbEmsDR.13","action":"GetUpdates", "result":"DeleteReceived", "context":{"id":"b497d5d4-c821-4a54-b651-2ef5a217d758", "isDeleted:":"true", "version":"1729424582257"}}
{"logTime": "1120/221817", "correlationVector":"+/aWr1ix0Vkl+5sUbEmsDR.14","action":"GetUpdates", "result":"DeleteReceived", "context":{"id":"9c35cda6-a288-4d16-9bf9-91afa860ff0a", "isDeleted:":"true", "version":"1729424582258"}}
{"logTime": "1120/221817", "correlationVector":"+/aWr1ix0Vkl+5sUbEmsDR.15","action":"GetUpdates", "result":"DeleteReceived", "context":{"id":"4055f0df-09c7-47e5-8827-c247a15c8053", "isDeleted:":"true", "version":"1729424582259"}}
{"logTime": "1120/221817", "correlationVector":"+/aWr1ix0Vkl+5sUbEmsDR.16","action":"GetUpdates", "result":"DeleteReceived", "context":{"id":"3d127fc1-7ab8-48e9-8d3a-739dd2d6a16f", "isDeleted:":"true", "version":"1729424616350"}}
{"logTime": "1120/221817", "correlationVector":"+/aWr1ix0Vkl+5sUbEmsDR.17","action":"GetUpdates", "result":"DeleteReceived", "context":{"id":"08dd9efd-4a36-4ccf-a5dc-28d19b424c02", "isDeleted:":"true", "version":"1729530286880"}}
{"logTime": "1120/221817", "correlationVector":"+/aWr1ix0Vkl+5sUbEmsDR.18","action":"GetUpdates", "result":"DeleteReceived", "context":{"id":"8ba818e1-e2f0-458f-b70a-5edd32ede731", "isDeleted:":"true", "version":"1729683929992"}}
{"logTime": "1120/221817", "correlationVector":"+/aWr1ix0Vkl+5sUbEmsDR.19","action":"GetUpdates", "result":"DeleteReceived", "context":{"id":"4d0cccac-98cc-45cb-a1c3-ee90ef883811", "isDeleted:":"true", "version":"1729684070381"}}
{"logTime": "1120/221817", "correlationVector":"+/aWr1ix0Vkl+5sUbEmsDR.20","action":"GetUpdates", "result":"DeleteReceived", "context":{"id":"bae5477c-1404-4a82-895d-a69c6c5a1c13", "isDeleted:":"true", "version":"1729711939207"}}
{"logTime": "1120/221817", "correlationVector":"+/aWr1ix0Vkl+5sUbEmsDR.21","action":"GetUpdates", "result":"DeleteReceived", "context":{"id":"cf76c442-e9c6-4a14-bf0a-34cdeb54f213", "isDeleted:":"true", "version":"1729712917835"}}
{"logTime": "1120/221817", "correlationVector":"+/aWr1ix0Vkl+5sUbEmsDR.22","action":"GetUpdates", "result":"DeleteReceived", "context":{"id":"76141f79-3102-426c-936b-f1ba8f0f56bd", "isDeleted:":"true", "version":"1729712917837"}}
{"logTime": "1120/221817", "correlationVector":"+/aWr1ix0Vkl+5sUbEmsDR.23","action":"GetUpdates", "result":"DeleteReceived", "context":{"id":"8efb22e9-3903-4890-87ff-d7ba1e7bf45e", "isDeleted:":"true", "version":"1729712917838"}}
{"logTime": "1120/221817", "correlationVector":"+/aWr1ix0Vkl+5sUbEmsDR.24","action":"GetUpdates", "result":"DeleteReceived", "context":{"id":"4969b66f-71c8-4a23-b196-f227400010ec", "isDeleted:":"true", "version":"1729712917839"}}
{"logTime": "1120/221817", "correlationVector":"+/aWr1ix0Vkl+5sUbEmsDR.25","action":"GetUpdates", "result":"DeleteReceived", "context":{"id":"746831d4-a962-48d7-9d27-cd23c346e124", "isDeleted:":"true", "version":"1729712917840"}}
{"logTime": "1120/221817", "correlationVector":"+/aWr1ix0Vkl+5sUbEmsDR.26","action":"GetUpdates", "result":"DeleteReceived", "context":{"id":"c86c9d27-9595-419c-bd80-f3bafc835af1", "isDeleted:":"true", "version":"1729712917841"}}
{"logTime": "1120/221817", "correlationVector":"+/aWr1ix0Vkl+5sUbEmsDR.27","action":"GetUpdates", "result":"DeleteReceived", "context":{"id":"b8d9976e-9402-46f8-b7c4-e7bd699c974a", "isDeleted:":"true", "version":"1729712917842"}}
{"logTime": "1120/221817", "correlationVector":"+/aWr1ix0Vkl+5sUbEmsDR.28","action":"GetUpdates", "result":"DeleteReceived", "context":{"id":"20fe4562-2d79-4a3d-b025-67018c17dae8", "isDeleted:":"true", "version":"1729712917843"}}
{"logTime": "1120/221817", "correlationVector":"+/aWr1ix0Vkl+5sUbEmsDR.29","action":"GetUpdates", "result":"DeleteReceived", "context":{"id":"05aee58d-128d-44e6-b273-b9efc5af7ea2", "isDeleted:":"true", "version":"1729712917844"}}
{"logTime": "1120/221817", "correlationVector":"+/aWr1ix0Vkl+5sUbEmsDR.30","action":"GetUpdates", "result":"DeleteReceived", "context":{"id":"db9738b1-b2fc-4cc8-a01e-085265828dc9", "isDeleted:":"true", "version":"1729712917845"}}
{"logTime": "1120/221817", "correlationVector":"+/aWr1ix0Vkl+5sUbEmsDR.31","action":"GetUpdates", "result":"DeleteReceived", "context":{"id":"b8a69948-462c-4d8b-9c8c-1e5929e949a7", "isDeleted:":"true", "version":"1729712917846"}}
{"logTime": "1120/221817", "correlationVector":"+/aWr1ix0Vkl+5sUbEmsDR.32","action":"GetUpdates", "result":"DeleteReceived", "context":{"id":"095f1832-77cc-41dc-9aa6-cad4d77fa985", "isDeleted:":"true", "version":"1729712917848"}}
{"logTime": "1120/221817", "correlationVector":"+/aWr1ix0Vkl+5sUbEmsDR.33","action":"GetUpdates", "result":"DeleteReceived", "context":{"id":"9d0e40da-57e4-4992-a37e-57d12fe9f388", "isDeleted:":"true", "version":"1729712917849"}}
{"logTime": "1120/221817", "correlationVector":"+/aWr1ix0Vkl+5sUbEmsDR.34","action":"GetUpdates", "result":"DeleteReceived", "context":{"id":"0ce62a48-20cf-4044-9c2b-e2d09a95cf24", "isDeleted:":"true", "version":"1729712917850"}}
{"logTime": "1120/221817", "correlationVector":"+/aWr1ix0Vkl+5sUbEmsDR.35","action":"GetUpdates", "result":"DeleteReceived", "context":{"id":"d6d9d19a-ebe5-4b4b-83eb-3f2e5ce6f1e1", "isDeleted:":"true", "version":"1729729101053"}}
{"logTime": "1120/221817", "correlationVector":"+/aWr1ix0Vkl+5sUbEmsDR.36","action":"GetUpdates", "result":"DeleteReceived", "context":{"id":"2419e5ae-a9da-40d1-9986-7ce6e23a1a45", "isDeleted:":"true", "version":"1729729169365"}}
{"logTime": "1120/221817", "correlationVector":"+/aWr1ix0Vkl+5sUbEmsDR.37","action":"GetUpdates", "result":"DeleteReceived", "context":{"id":"3a50b21a-f487-411a-9732-8345540e13a3", "isDeleted:":"true", "version":"1729731019908"}}
{"logTime": "1120/221817", "correlationVector":"+/aWr1ix0Vkl+5sUbEmsDR.38","action":"GetUpdates", "result":"DeleteReceived", "context":{"id":"e1f88100-a22f-4857-8591-0603a7904397", "isDeleted:":"true", "version":"1729731059747"}}
{"logTime": "1120/221817", "correlationVector":"+/aWr1ix0Vkl+5sUbEmsDR.39","action":"GetUpdates", "result":"DeleteReceived", "context":{"id":"f0481043-5517-4777-a484-a0c04c3b0bc0", "isDeleted:":"true", "version":"1729769140491"}}
{"logTime": "1120/221817", "correlationVector":"+/aWr1ix0Vkl+5sUbEmsDR.40","action":"GetUpdates", "result":"DeleteReceived", "context":{"id":"a9e6cfd0-4282-4056-96fe-475de16ec65f", "isDeleted:":"true", "version":"1729769140493"}}
{"logTime": "1120/221817", "correlationVector":"+/aWr1ix0Vkl+5sUbEmsDR.41","action":"GetUpdates", "result":"DeleteReceived", "context":{"id":"7520fc02-33eb-462c-81a0-dc2732b64c6b", "isDeleted:":"true", "version":"1729769140494"}}
{"logTime": "1120/221817", "correlationVector":"+/aWr1ix0Vkl+5sUbEmsDR.42","action":"GetUpdates", "result":"DeleteReceived", "context":{"id":"fa24d874-b585-4a04-a4cd-bdb4f290ee08", "isDeleted:":"true", "version":"1729769140495"}}
{"logTime": "1120/221817", "correlationVector":"+/aWr1ix0Vkl+5sUbEmsDR.43","action":"GetUpdates", "result":"DeleteReceived", "context":{"id":"21e43a50-ccea-4946-ab10-be85d83b0af3", "isDeleted:":"true", "version":"1729769140496"}}
{"logTime": "1120/221817", "correlationVector":"+/aWr1ix0Vkl+5sUbEmsDR.44","action":"GetUpdates", "result":"DeleteReceived", "context":{"id":"9c7ad3ba-557b-42df-a119-7a37f3fd88f4", "isDeleted:":"true", "version":"1729769140497"}}
{"logTime": "1120/221817", "correlationVector":"+/aWr1ix0Vkl+5sUbEmsDR.45","action":"GetUpdates", "result":"DeleteReceived", "context":{"id":"0f7300fe-7833-4bea-95db-a9e0a6102d87", "isDeleted:":"true", "version":"1729769140498"}}
{"logTime": "1120/221817", "correlationVector":"+/aWr1ix0Vkl+5sUbEmsDR.46","action":"GetUpdates", "result":"DeleteReceived", "context":{"id":"f1e4c5ab-f335-4765-8400-c77e9a17094c", "isDeleted:":"true", "version":"1729769140499"}}
{"logTime": "1120/221817", "correlationVector":"+/aWr1ix0Vkl+5sUbEmsDR.47","action":"GetUpdates", "result":"DeleteReceived", "context":{"id":"b5b4ccb8-bd48-4186-82a9-c7a406693f94", "isDeleted:":"true", "version":"1729769140500"}}
{"logTime": "1120/221817", "correlationVector":"+/aWr1ix0Vkl+5sUbEmsDR.48","action":"GetUpdates", "result":"DeleteReceived", "context":{"id":"eb526ebe-8e6a-4426-99f4-7461811c1294", "isDeleted:":"true", "version":"1729769140502"}}
{"logTime": "1120/221817", "correlationVector":"+/aWr1ix0Vkl+5sUbEmsDR.49","action":"GetUpdates", "result":"DeleteReceived", "context":{"id":"45df79e0-51f7-4fcd-a992-396dfe4224b0", "isDeleted:":"true", "version":"1729769140503"}}
{"logTime": "1120/221817", "correlationVector":"+/aWr1ix0Vkl+5sUbEmsDR.50","action":"GetUpdates", "result":"DeleteReceived", "context":{"id":"f0edf2ad-be1d-402e-a9f9-ebf3a993889b", "isDeleted:":"true", "version":"1729872739770"}}
{"logTime": "1120/221817", "correlationVector":"+/aWr1ix0Vkl+5sUbEmsDR.51","action":"GetUpdates", "result":"DeleteReceived", "context":{"id":"7a990d5c-8a53-4db7-80d8-fd24ce0777f0", "isDeleted:":"true", "version":"1729876842381"}}
{"logTime": "1120/221817", "correlationVector":"+/aWr1ix0Vkl+5sUbEmsDR.52","action":"GetUpdates", "result":"DeleteReceived", "context":{"id":"bb10b3ad-cfd7-4db2-a3a0-550c18bf609a", "isDeleted:":"true", "version":"1729887574497"}}
{"logTime": "1120/221817", "correlationVector":"+/aWr1ix0Vkl+5sUbEmsDR.53","action":"GetUpdates", "result":"DeleteReceived", "context":{"id":"313ba42b-5d3b-42b1-b48e-063ba8de22f8", "isDeleted:":"true", "version":"1729887574499"}}
{"logTime": "1120/221817", "correlationVector":"+/aWr1ix0Vkl+5sUbEmsDR.54","action":"GetUpdates", "result":"DeleteReceived", "context":{"id":"d62d31ba-120b-4526-a5f2-1a704b181ad9", "isDeleted:":"true", "version":"1729887574500"}}
{"logTime": "1120/221817", "correlationVector":"+/aWr1ix0Vkl+5sUbEmsDR.55","action":"GetUpdates", "result":"DeleteReceived", "context":{"id":"1c3c745e-f7f1-421e-aa88-5e17b0561aa7", "isDeleted:":"true", "version":"1729887574501"}}
{"logTime": "1120/221817", "correlationVector":"+/aWr1ix0Vkl+5sUbEmsDR.56","action":"GetUpdates", "result":"DeleteReceived", "context":{"id":"ff7c334f-0db5-4f52-a7b5-01dbb2410449", "isDeleted:":"true", "version":"1729887574502"}}
{"logTime": "1120/221817", "correlationVector":"+/aWr1ix0Vkl+5sUbEmsDR.57","action":"GetUpdates", "result":"DeleteReceived", "context":{"id":"33bdb25b-0ba1-4fc9-a5f5-2d0edb108c06", "isDeleted:":"true", "version":"1729887574503"}}
{"logTime": "1120/221817", "correlationVector":"+/aWr1ix0Vkl+5sUbEmsDR.58","action":"GetUpdates", "result":"DeleteReceived", "context":{"id":"37b9c862-4091-493f-a8df-007154c05353", "isDeleted:":"true", "version":"1729890281020"}}
{"logTime": "1120/221817", "correlationVector":"+/aWr1ix0Vkl+5sUbEmsDR.59","action":"GetUpdates", "result":"DeleteReceived", "context":{"id":"cbbf468c-42cd-43df-b221-8e0bca685376", "isDeleted:":"true", "version":"1729890286322"}}
{"logTime": "1120/221817", "correlationVector":"+/aWr1ix0Vkl+5sUbEmsDR.60","action":"GetUpdates", "result":"DeleteReceived", "context":{"id":"21339979-af2e-4bc3-b510-510ba8fc55b8", "isDeleted:":"true", "version":"1729890383398"}}
{"logTime": "1120/221817", "correlationVector":"+/aWr1ix0Vkl+5sUbEmsDR.61","action":"GetUpdates", "result":"DeleteReceived", "context":{"id":"78bdde4e-a607-4bb3-98e7-a6d0bb52dd12", "isDeleted:":"true", "version":"1729891869993"}}
{"logTime": "1120/221817", "correlationVector":"+/aWr1ix0Vkl+5sUbEmsDR.62","action":"GetUpdates", "result":"DeleteReceived", "context":{"id":"45f229b9-c885-430d-bf62-7ccac6712fa4", "isDeleted:":"true", "version":"1729905390760"}}
{"logTime": "1120/221817", "correlationVector":"+/aWr1ix0Vkl+5sUbEmsDR.63","action":"GetUpdates", "result":"DeleteReceived", "context":{"id":"f4743591-406b-4ca4-920b-e3e883c8e423", "isDeleted:":"true", "version":"1729905390764"}}
{"logTime": "1120/221817", "correlationVector":"+/aWr1ix0Vkl+5sUbEmsDR.64","action":"GetUpdates", "result":"DeleteReceived", "context":{"id":"7c622996-d639-4b7b-a82c-d3a271939851", "isDeleted:":"true", "version":"1729905390765"}}
{"logTime": "1120/221817", "correlationVector":"+/aWr1ix0Vkl+5sUbEmsDR.65","action":"GetUpdates", "result":"DeleteReceived", "context":{"id":"71d2757a-f6e2-4010-bdbb-a41a7fa291b6", "isDeleted:":"true", "version":"1729905421328"}}
{"logTime": "1120/221817", "correlationVector":"+/aWr1ix0Vkl+5sUbEmsDR.66","action":"GetUpdates", "result":"DeleteReceived", "context":{"id":"11813b81-a628-490c-b556-6037e4d93eea", "isDeleted:":"true", "version":"1729916345398"}}
{"logTime": "1120/221817", "correlationVector":"+/aWr1ix0Vkl+5sUbEmsDR.67","action":"GetUpdates", "result":"DeleteReceived", "context":{"id":"ded54e2c-209e-4e47-b68f-c655fab809b0", "isDeleted:":"true", "version":"1729916379882"}}
{"logTime": "1120/221817", "correlationVector":"+/aWr1ix0Vkl+5sUbEmsDR.68","action":"GetUpdates", "result":"DeleteReceived", "context":{"id":"d6fa71e0-520b-439b-8ab8-0e1a6c1c13b0", "isDeleted:":"true", "version":"1729942331592"}}
{"logTime": "1120/221817", "correlationVector":"+/aWr1ix0Vkl+5sUbEmsDR.69","action":"GetUpdates", "result":"DeleteReceived", "context":{"id":"95541388-f826-4105-8235-6fd9ebd76fc1", "isDeleted:":"true", "version":"1729942827377"}}
{"logTime": "1120/221817", "correlationVector":"+/aWr1ix0Vkl+5sUbEmsDR.70","action":"GetUpdates", "result":"DeleteReceived", "context":{"id":"d9a03d24-b2d1-445d-9cf8-85a4c1f0453c", "isDeleted:":"true", "version":"1729942862734"}}
{"logTime": "1120/221817", "correlationVector":"+/aWr1ix0Vkl+5sUbEmsDR.71","action":"GetUpdates", "result":"DeleteReceived", "context":{"id":"a495c73f-e130-4801-bb97-40c00c0c3f2c", "isDeleted:":"true", "version":"1729947916252"}}
{"logTime": "1120/221817", "correlationVector":"+/aWr1ix0Vkl+5sUbEmsDR.72","action":"GetUpdates", "result":"DeleteReceived", "context":{"id":"e4d5d31c-83e5-46f6-9ddf-2eca20ea9f50", "isDeleted:":"true", "version":"1729949704294"}}
{"logTime": "1120/221817", "correlationVector":"+/aWr1ix0Vkl+5sUbEmsDR.73","action":"GetUpdates", "result":"DeleteReceived", "context":{"id":"efab0540-39eb-44be-88a3-382a747655d9", "isDeleted:":"true", "version":"1729949704296"}}
{"logTime": "1120/221817", "correlationVector":"+/aWr1ix0Vkl+5sUbEmsDR.74","action":"GetUpdates", "result":"DeleteReceived", "context":{"id":"c6600bb1-d5b1-44b0-b2fb-f9aadd2a8dfd", "isDeleted:":"true", "version":"1729949704297"}}
{"logTime": "1120/221817", "correlationVector":"+/aWr1ix0Vkl+5sUbEmsDR.75","action":"GetUpdates", "result":"DeleteReceived", "context":{"id":"5ee11cb4-0c0c-471c-b195-ee817f7e11a4", "isDeleted:":"true", "version":"1729949704298"}}
{"logTime": "1120/221817", "correlationVector":"+/aWr1ix0Vkl+5sUbEmsDR.76","action":"GetUpdates", "result":"DeleteReceived", "context":{"id":"49e4f93c-39e1-4520-b110-1c0d6430df49", "isDeleted:":"true", "version":"1729949704299"}}
{"logTime": "1120/221817", "correlationVector":"+/aWr1ix0Vkl+5sUbEmsDR.77","action":"GetUpdates", "result":"DeleteReceived", "context":{"id":"7c19ca0e-cbd0-4f18-9e5f-94e913a48b04", "isDeleted:":"true", "version":"1729949704300"}}
{"logTime": "1120/221817", "correlationVector":"+/aWr1ix0Vkl+5sUbEmsDR.78","action":"GetUpdates", "result":"DeleteReceived", "context":{"id":"572fbc3b-ebf8-4ad0-b72f-397157852364", "isDeleted:":"true", "version":"1729949704301"}}
{"logTime": "1120/221817", "correlationVector":"+/aWr1ix0Vkl+5sUbEmsDR.79","action":"GetUpdates", "result":"DeleteReceived", "context":{"id":"927c8920-290e-4be9-ae22-a74951ec1af5", "isDeleted:":"true", "version":"1729949704302"}}
{"logTime": "1120/221817", "correlationVector":"+/aWr1ix0Vkl+5sUbEmsDR.80","action":"GetUpdates", "result":"DeleteReceived", "context":{"id":"29b97af0-61fa-4626-856e-665bce21e62a", "isDeleted:":"true", "version":"1729949704303"}}
{"logTime": "1120/221817", "correlationVector":"+/aWr1ix0Vkl+5sUbEmsDR.81","action":"GetUpdates", "result":"DeleteReceived", "context":{"id":"e1613043-79cb-4455-ad92-b198e7204253", "isDeleted:":"true", "version":"1729949704304"}}
{"logTime": "1120/221817", "correlationVector":"+/aWr1ix0Vkl+5sUbEmsDR.82","action":"GetUpdates", "result":"DeleteReceived", "context":{"id":"ab738311-a489-455c-8c42-02712e8a8044", "isDeleted:":"true", "version":"1729949704305"}}
{"logTime": "1120/221817", "correlationVector":"+/aWr1ix0Vkl+5sUbEmsDR.83","action":"GetUpdates", "result":"DeleteReceived", "context":{"id":"4cbee5d6-9130-4401-bbbe-a8b0fe572a08", "isDeleted:":"true", "version":"1729949704306"}}
{"logTime": "1120/221817", "correlationVector":"+/aWr1ix0Vkl+5sUbEmsDR.84","action":"GetUpdates", "result":"DeleteReceived", "context":{"id":"945e9aa2-3a9e-468d-8a7e-d0dedd0f748a", "isDeleted:":"true", "version":"1729949704308"}}
{"logTime": "1120/221817", "correlationVector":"+/aWr1ix0Vkl+5sUbEmsDR.85","action":"GetUpdates", "result":"DeleteReceived", "context":{"id":"8448a39b-6cac-4a42-be4b-8aa479ab677f", "isDeleted:":"true", "version":"1729949704309"}}
{"logTime": "1120/221817", "correlationVector":"+/aWr1ix0Vkl+5sUbEmsDR.86","action":"GetUpdates", "result":"DeleteReceived", "context":{"id":"ab1ae609-99a9-41f4-ba89-a8d34d107317", "isDeleted:":"true", "version":"1729959804395"}}
{"logTime": "1120/221817", "correlationVector":"+/aWr1ix0Vkl+5sUbEmsDR.87","action":"GetUpdates", "result":"DeleteReceived", "context":{"id":"904c35b8-e622-473b-af09-385c2967f858", "isDeleted:":"true", "version":"1729960871579"}}
{"logTime": "1120/221817", "correlationVector":"+/aWr1ix0Vkl+5sUbEmsDR.88","action":"GetUpdates", "result":"DeleteReceived", "context":{"id":"34119c94-cdf1-4b98-8039-f2d444228a85", "isDeleted:":"true", "version":"1729960871583"}}
{"logTime": "1120/221817", "correlationVector":"+/aWr1ix0Vkl+5sUbEmsDR.89","action":"GetUpdates", "result":"DeleteReceived", "context":{"id":"3b9887bd-f1a0-4f04-97b6-e2dc2ba5e866", "isDeleted:":"true", "version":"1729964674421"}}
{"logTime": "1120/221817", "correlationVector":"+/aWr1ix0Vkl+5sUbEmsDR.90","action":"GetUpdates", "result":"DeleteReceived", "context":{"id":"d785a644-b371-424b-9168-488e063dcec7", "isDeleted:":"true", "version":"1729966598180"}}
{"logTime": "1120/221817", "correlationVector":"+/aWr1ix0Vkl+5sUbEmsDR.91","action":"GetUpdates", "result":"DeleteReceived", "context":{"id":"463c18a5-4dda-4e16-ada1-c1c4ce9f2145", "isDeleted:":"true", "version":"1729966745660"}}
{"logTime": "1120/221817", "correlationVector":"+/aWr1ix0Vkl+5sUbEmsDR.92","action":"GetUpdates", "result":"DeleteReceived", "context":{"id":"57fb1ddf-258e-4a93-8475-ffa10ea33560", "isDeleted:":"true", "version":"1729967631221"}}
{"logTime": "1120/221817", "correlationVector":"+/aWr1ix0Vkl+5sUbEmsDR.93","action":"GetUpdates", "result":"DeleteReceived", "context":{"id":"25af41db-0edd-479d-9c60-9a0ec619294e", "isDeleted:":"true", "version":"1729967693405"}}
{"logTime": "1120/221817", "correlationVector":"+/aWr1ix0Vkl+5sUbEmsDR.94","action":"GetUpdates", "result":"DeleteReceived", "context":{"id":"95f1ca59-1099-4cdd-ac58-ec8532611bbd", "isDeleted:":"true", "version":"1729971617580"}}
{"logTime": "1120/221817", "correlationVector":"+/aWr1ix0Vkl+5sUbEmsDR.95","action":"GetUpdates", "result":"DeleteReceived", "context":{"id":"f1c1afa8-a43a-4828-a5f5-714970926a06", "isDeleted:":"true", "version":"1729971617581"}}
{"logTime": "1120/221817", "correlationVector":"+/aWr1ix0Vkl+5sUbEmsDR.96","action":"GetUpdates", "result":"DeleteReceived", "context":{"id":"46a61deb-1adb-43f6-abd3-d71352a5e6a9", "isDeleted:":"true", "version":"1730006810545"}}
{"logTime": "1120/221817", "correlationVector":"+/aWr1ix0Vkl+5sUbEmsDR.97","action":"GetUpdates", "result":"DeleteReceived", "context":{"id":"c59a9f07-d9b2-42e7-966f-0e1b0afd2e72", "isDeleted:":"true", "version":"1730008561581"}}
{"logTime": "1120/221817", "correlationVector":"+/aWr1ix0Vkl+5sUbEmsDR.98","action":"GetUpdates", "result":"DeleteReceived", "context":{"id":"826c580b-3fc7-477a-a042-65cd89c8ea42", "isDeleted:":"true", "version":"1730008891448"}}
{"logTime": "1120/221817", "correlationVector":"+/aWr1ix0Vkl+5sUbEmsDR.99","action":"GetUpdates", "result":"DeleteReceived", "context":{"id":"9ec0965a-9385-435b-a6a4-22aaa1c877e5", "isDeleted:":"true", "version":"1730013213354"}}
{"logTime": "1120/221817", "correlationVector":"+/aWr1ix0Vkl+5sUbEmsDR.100","action":"GetUpdates", "result":"DeleteReceived", "context":{"id":"c7b0b7fb-c028-408a-be53-a4caa9c58ddf", "isDeleted:":"true", "version":"1730013213356"}}
{"logTime": "1120/221817", "correlationVector":"+/aWr1ix0Vkl+5sUbEmsDR.101","action":"GetUpdates", "result":"DeleteReceived", "context":{"id":"f95f848f-d226-41fe-85a1-4994649a7bb5", "isDeleted:":"true", "version":"1730013213357"}}
{"logTime": "1120/221817", "correlationVector":"+/aWr1ix0Vkl+5sUbEmsDR.102","action":"GetUpdates", "result":"DeleteReceived", "context":{"id":"d74e34a6-3e69-43df-aa6b-f3e8560f5f32", "isDeleted:":"true", "version":"1730013213358"}}
{"logTime": "1120/221817", "correlationVector":"+/aWr1ix0Vkl+5sUbEmsDR.103","action":"GetUpdates", "result":"DeleteReceived", "context":{"id":"fb69ea3a-8db6-493a-aa02-599f5d9f6519", "isDeleted:":"true", "version":"1730013213359"}}
{"logTime": "1120/221817", "correlationVector":"+/aWr1ix0Vkl+5sUbEmsDR.104","action":"GetUpdates", "result":"DeleteReceived", "context":{"id":"fadd6822-41c7-4a75-9e47-660d58854a80", "isDeleted:":"true", "version":"1730013213360"}}
{"logTime": "1120/221817", "correlationVector":"+/aWr1ix0Vkl+5sUbEmsDR.105","action":"GetUpdates", "result":"DeleteReceived", "context":{"id":"4123ece2-661c-4670-95f2-1177254520fb", "isDeleted:":"true", "version":"1730013213361"}}
{"logTime": "1120/221817", "correlationVector":"+/aWr1ix0Vkl+5sUbEmsDR.106","action":"GetUpdates", "result":"DeleteReceived", "context":{"id":"06474e4c-80a0-4bbb-9d68-3817b35be668", "isDeleted:":"true", "version":"1730013213362"}}
{"logTime": "1120/221817", "correlationVector":"+/aWr1ix0Vkl+5sUbEmsDR.107","action":"GetUpdates", "result":"DeleteReceived", "context":{"id":"015f5661-02d1-4894-ab74-c65e08b10a71", "isDeleted:":"true", "version":"1730013213363"}}
{"logTime": "1120/221817", "correlationVector":"+/aWr1ix0Vkl+5sUbEmsDR.108","action":"GetUpdates", "result":"DeleteReceived", "context":{"id":"510a7c40-7688-4c4f-8af1-3dbae3fd6256", "isDeleted:":"true", "version":"1730013213364"}}
{"logTime": "1120/221817", "correlationVector":"+/aWr1ix0Vkl+5sUbEmsDR.109","action":"GetUpdates", "result":"DeleteReceived", "context":{"id":"6ef3d236-4dd8-41df-83ff-da66a9031c40", "isDeleted:":"true", "version":"1730013213365"}}
{"logTime": "1120/221817", "correlationVector":"+/aWr1ix0Vkl+5sUbEmsDR.110","action":"GetUpdates", "result":"DeleteReceived", "context":{"id":"8950eab5-2d50-42d9-8145-4da9bc7c7827", "isDeleted:":"true", "version":"1730013213366"}}
{"logTime": "1120/221817", "correlationVector":"+/aWr1ix0Vkl+5sUbEmsDR.111","action":"GetUpdates", "result":"DeleteReceived", "context":{"id":"688bdc0c-64b9-4f4c-a9a7-5963fba96ec3", "isDeleted:":"true", "version":"1730013213367"}}
{"logTime": "1120/221817", "correlationVector":"+/aWr1ix0Vkl+5sUbEmsDR.112","action":"GetUpdates", "result":"DeleteReceived", "context":{"id":"524e2863-b9cf-4651-975a-e89e2c93281f", "isDeleted:":"true", "version":"1730013336848"}}
{"logTime": "1120/221817", "correlationVector":"+/aWr1ix0Vkl+5sUbEmsDR.113","action":"GetUpdates", "result":"DeleteReceived", "context":{"id":"27ae9eb7-8020-4113-870d-d5393340a123", "isDeleted:":"true", "version":"1730013401138"}}
{"logTime": "1120/221817", "correlationVector":"+/aWr1ix0Vkl+5sUbEmsDR.114","action":"GetUpdates", "result":"DeleteReceived", "context":{"id":"9242194f-fd9d-4cbc-b340-3a7a11af12fd", "isDeleted:":"true", "version":"1730013514006"}}
{"logTime": "1120/221817", "correlationVector":"+/aWr1ix0Vkl+5sUbEmsDR.115","action":"GetUpdates", "result":"DeleteReceived", "context":{"id":"15e9ed68-9f6b-40ea-8025-d6346c7a65b0", "isDeleted:":"true", "version":"1730013578907"}}
{"logTime": "1120/221817", "correlationVector":"+/aWr1ix0Vkl+5sUbEmsDR.116","action":"GetUpdates", "result":"DeleteReceived", "context":{"id":"8b524f3b-27a9-4439-bb1d-65235ea2f683", "isDeleted:":"true", "version":"1730013578908"}}
{"logTime": "1120/221817", "correlationVector":"+/aWr1ix0Vkl+5sUbEmsDR.117","action":"GetUpdates", "result":"DeleteReceived", "context":{"id":"de60a0df-2a87-44d3-9376-33a578656c25", "isDeleted:":"true", "version":"1730013951802"}}
{"logTime": "1120/221817", "correlationVector":"+/aWr1ix0Vkl+5sUbEmsDR.118","action":"GetUpdates", "result":"DeleteReceived", "context":{"id":"3866d7a6-a733-486e-a79d-1cf873fd02ec", "isDeleted:":"true", "version":"1730014227119"}}
{"logTime": "1120/221817", "correlationVector":"+/aWr1ix0Vkl+5sUbEmsDR.119","action":"GetUpdates", "result":"DeleteReceived", "context":{"id":"a70ff8d2-4732-4f70-92eb-da7b65713a98", "isDeleted:":"true", "version":"1730017898554"}}
{"logTime": "1120/221817", "correlationVector":"+/aWr1ix0Vkl+5sUbEmsDR.120","action":"GetUpdates", "result":"DeleteReceived", "context":{"id":"9215e630-3b00-4df7-af75-f66e5201c66b", "isDeleted:":"true", "version":"1730020170440"}}
{"logTime": "1120/221817", "correlationVector":"+/aWr1ix0Vkl+5sUbEmsDR.121","action":"GetUpdates", "result":"DeleteReceived", "context":{"id":"947dd60a-2418-4af6-ad26-813060e784e6", "isDeleted:":"true", "version":"1730021306791"}}
{"logTime": "1120/221817", "correlationVector":"+/aWr1ix0Vkl+5sUbEmsDR.122","action":"GetUpdates", "result":"DeleteReceived", "context":{"id":"2c795a52-1d2b-433a-9229-66e663b4f587", "isDeleted:":"true", "version":"1730021306792"}}
{"logTime": "1120/221817", "correlationVector":"+/aWr1ix0Vkl+5sUbEmsDR.123","action":"GetUpdates", "result":"DeleteReceived", "context":{"id":"3ec2c87f-0bd1-4d0e-bec9-28d6ec802bbf", "isDeleted:":"true", "version":"1730021306793"}}
{"logTime": "1120/221817", "correlationVector":"+/aWr1ix0Vkl+5sUbEmsDR.124","action":"GetUpdates", "result":"DeleteReceived", "context":{"id":"6fc95242-8e5b-46f9-9675-ec37387f58a1", "isDeleted:":"true", "version":"1730021909375"}}
{"logTime": "1120/221817", "correlationVector":"+/aWr1ix0Vkl+5sUbEmsDR.125","action":"GetUpdates", "result":"DeleteReceived", "context":{"id":"6fe6952f-ae03-493a-93ea-a0cdd9ec362e", "isDeleted:":"true", "version":"1730021909376"}}
{"logTime": "1120/221817", "correlationVector":"+/aWr1ix0Vkl+5sUbEmsDR.126","action":"GetUpdates", "result":"DeleteReceived", "context":{"id":"b8a72862-fe86-4867-a99b-40d85bf81faa", "isDeleted:":"true", "version":"1730211889457"}}
{"logTime": "1120/221817", "correlationVector":"+/aWr1ix0Vkl+5sUbEmsDR.127","action":"GetUpdates", "result":"DeleteReceived", "context":{"id":"6e305b3a-5b8e-449d-ad0b-8051f75bf180", "isDeleted:":"true", "version":"1730211889458"}}
{"logTime": "1120/221817", "correlationVector":"+/aWr1ix0Vkl+5sUbEmsDR.128","action":"GetUpdates", "result":"DeleteReceived", "context":{"id":"89eeace8-7b96-45de-a565-b4299c60af3a", "isDeleted:":"true", "version":"1730212648783"}}
{"logTime": "1120/221817", "correlationVector":"+/aWr1ix0Vkl+5sUbEmsDR.129","action":"GetUpdates", "result":"DeleteReceived", "context":{"id":"4549c75d-369b-412a-82f7-f4332b26f880", "isDeleted:":"true", "version":"1730213431533"}}
{"logTime": "1120/221817", "correlationVector":"+/aWr1ix0Vkl+5sUbEmsDR.130","action":"GetUpdates", "result":"DeleteReceived", "context":{"id":"d06fe248-0999-45de-b8ea-981affa648d1", "isDeleted:":"true", "version":"1730213431534"}}
{"logTime": "1120/221817", "correlationVector":"+/aWr1ix0Vkl+5sUbEmsDR.131","action":"GetUpdates", "result":"DeleteReceived", "context":{"id":"aa603166-f34a-4b1c-b5ce-825f494cc7e7", "isDeleted:":"true", "version":"1730231992653"}}
{"logTime": "1120/221817", "correlationVector":"+/aWr1ix0Vkl+5sUbEmsDR.132","action":"GetUpdates", "result":"DeleteReceived", "context":{"id":"a768282e-6ace-49f2-9533-f04040939aee", "isDeleted:":"true", "version":"1730557201693"}}
{"logTime": "1120/221817", "correlationVector":"+/aWr1ix0Vkl+5sUbEmsDR.133","action":"GetUpdates", "result":"DeleteReceived", "context":{"id":"4c610685-bf73-47a0-9447-f57f0be7df27", "isDeleted:":"true", "version":"1730557201694"}}
{"logTime": "1120/221817", "correlationVector":"+/aWr1ix0Vkl+5sUbEmsDR.134","action":"GetUpdates", "result":"DeleteReceived", "context":{"id":"72a8bc09-112d-4859-9fd4-0e053d0b616a", "isDeleted:":"true", "version":"1731611569632"}}
{"logTime": "1120/221817", "correlationVector":"+/aWr1ix0Vkl+5sUbEmsDR.135","action":"GetUpdates", "result":"DeleteReceived", "context":{"id":"21c3d0a1-16cd-4f3c-97f8-f195b6e4d6e6", "isDeleted:":"true", "version":"1731850501145"}}
{"logTime": "1120/221817", "correlationVector":"+/aWr1ix0Vkl+5sUbEmsDR.136","action":"GetUpdates", "result":"DeleteReceived", "context":{"id":"b6073601-2a05-485c-88dd-d28e6e5d6677", "isDeleted:":"true", "version":"1731851948673"}}
{"logTime": "1120/221817", "correlationVector":"+/aWr1ix0Vkl+5sUbEmsDR.137","action":"GetUpdates", "result":"DeleteReceived", "context":{"id":"1507a8ca-0d20-4c7e-a82a-206878201ac8", "isDeleted:":"true", "version":"1731852630914"}}
{"logTime": "1120/221817", "correlationVector":"+/aWr1ix0Vkl+5sUbEmsDR.138","action":"GetUpdates", "result":"DeleteReceived", "context":{"id":"391206a4-037e-4b04-9a33-256f3c9a58e4", "isDeleted:":"true", "version":"1731853073662"}}
{"logTime": "1120/221817", "correlationVector":"+/aWr1ix0Vkl+5sUbEmsDR.139","action":"GetUpdates", "result":"DeleteReceived", "context":{"id":"b7fab9df-fd3a-49a2-ac99-601fdfa682cd", "isDeleted:":"true", "version":"1731853895390"}}
{"logTime": "1120/221817", "correlationVector":"+/aWr1ix0Vkl+5sUbEmsDR.140","action":"GetUpdates", "result":"DeleteReceived", "context":{"id":"41b937f6-408b-4e13-965c-7124523e43df", "isDeleted:":"true", "version":"1731854379841"}}
{"logTime": "1120/221817", "correlationVector":"+/aWr1ix0Vkl+5sUbEmsDR.141","action":"GetUpdates", "result":"DeleteReceived", "context":{"id":"67a5dd10-c175-40ea-b6db-2e3f1ba49b96", "isDeleted:":"true", "version":"1731854919057"}}
{"logTime": "1120/221817", "correlationVector":"+/aWr1ix0Vkl+5sUbEmsDR.142","action":"GetUpdates", "result":"DeleteReceived", "context":{"id":"1485b4dd-4f8f-4b59-88a2-5f3ba2b9b295", "isDeleted:":"true", "version":"1731855437883"}}
{"logTime": "1120/221817", "correlationVector":"+/aWr1ix0Vkl+5sUbEmsDR.143","action":"GetUpdates", "result":"DeleteReceived", "context":{"id":"a148f8a1-6a84-4bee-8c2f-e093b7ede735", "isDeleted:":"true", "version":"1731855835248"}}
{"logTime": "1120/221817", "correlationVector":"+/aWr1ix0Vkl+5sUbEmsDR.144","action":"GetUpdates", "result":"DeleteReceived", "context":{"id":"167419f0-4b5e-4f7c-816d-b380eef6d14c", "isDeleted:":"true", "version":"1731855925367"}}
{"logTime": "1120/221817", "correlationVector":"+/aWr1ix0Vkl+5sUbEmsDR.145","action":"GetUpdates", "result":"DeleteReceived", "context":{"id":"f5b852e1-a30a-48b4-b15c-7e4b9418c439", "isDeleted:":"true", "version":"1731856180499"}}
{"logTime": "1120/221817", "correlationVector":"+/aWr1ix0Vkl+5sUbEmsDR.146","action":"GetUpdates", "result":"DeleteReceived", "context":{"id":"46b959be-8137-4ced-9d2b-ae438850480a", "isDeleted:":"true", "version":"1731856861413"}}
{"logTime": "1120/221817", "correlationVector":"+/aWr1ix0Vkl+5sUbEmsDR.147","action":"GetUpdates", "result":"DeleteReceived", "context":{"id":"65a2fe1d-b230-4a20-b7c1-9911c825aab6", "isDeleted:":"true", "version":"1731857428943"}}
{"logTime": "1120/221817", "correlationVector":"+/aWr1ix0Vkl+5sUbEmsDR.148","action":"GetUpdates", "result":"DeleteReceived", "context":{"id":"179cd1e1-d49b-4023-a613-991faa9680c6", "isDeleted:":"true", "version":"1731857814227"}}
{"logTime": "1120/221817", "correlationVector":"+/aWr1ix0Vkl+5sUbEmsDR.149","action":"GetUpdates", "result":"DeleteReceived", "context":{"id":"32031647-09ae-4ef7-b9aa-d67650ea3753", "isDeleted:":"true", "version":"1731857850181"}}
{"logTime": "1120/221817", "correlationVector":"+/aWr1ix0Vkl+5sUbEmsDR.150","action":"GetUpdates", "result":"DeleteReceived", "context":{"id":"e8b9f27b-44f7-41c3-9db9-b85f41702fd8", "isDeleted:":"true", "version":"1731940342270"}}
{"logTime": "1120/221817", "correlationVector":"+/aWr1ix0Vkl+5sUbEmsDR.151","action":"GetUpdates", "result":"DeleteReceived", "context":{"id":"7a006013-ce1d-4e7b-84c5-e890beb8964d", "isDeleted:":"true", "version":"1731940342271"}}
{"logTime": "1120/221817", "correlationVector":"+/aWr1ix0Vkl+5sUbEmsDR.152","action":"GetUpdates", "result":"DeleteReceived", "context":{"id":"af437142-b5a1-48a8-be65-aa78d60be56b", "isDeleted:":"true", "version":"1731940342272"}}
{"logTime": "1120/221817", "correlationVector":"+/aWr1ix0Vkl+5sUbEmsDR.153","action":"GetUpdates", "result":"DeleteReceived", "context":{"id":"a922fc5d-beef-4aa1-bee5-b1a69c0fd4ab", "isDeleted:":"true", "version":"1731940342274"}}
{"logTime": "1120/221817", "correlationVector":"+/aWr1ix0Vkl+5sUbEmsDR.154","action":"GetUpdates", "result":"DeleteReceived", "context":{"id":"bb0628b7-dd6f-4200-a74f-4df7dd3984f2", "isDeleted:":"true", "version":"1731940342275"}}
{"logTime": "1120/221817", "correlationVector":"+/aWr1ix0Vkl+5sUbEmsDR.155","action":"GetUpdates", "result":"DeleteReceived", "context":{"id":"29309150-6e03-4535-9663-9ae4b2927906", "isDeleted:":"true", "version":"1731940342277"}}
{"logTime": "1120/221817", "correlationVector":"+/aWr1ix0Vkl+5sUbEmsDR.156","action":"GetUpdates", "result":"DeleteReceived", "context":{"id":"49f27cf0-ada8-4dba-8ea0-447e16a43871", "isDeleted:":"true", "version":"1731940342278"}}
{"logTime": "1120/221817", "correlationVector":"+/aWr1ix0Vkl+5sUbEmsDR.157","action":"GetUpdates", "result":"DeleteReceived", "context":{"id":"af1195ce-e317-4f52-876b-6cb988ccde2d", "isDeleted:":"true", "version":"1731940342280"}}
{"logTime": "1120/221817", "correlationVector":"+/aWr1ix0Vkl+5sUbEmsDR.158","action":"GetUpdates", "result":"DeleteReceived", "context":{"id":"d07a7252-88d9-4831-89ae-ee1b2af8c330", "isDeleted:":"true", "version":"1731940342281"}}
{"logTime": "1120/221817", "correlationVector":"+/aWr1ix0Vkl+5sUbEmsDR.159","action":"GetUpdates", "result":"DeleteReceived", "context":{"id":"2d771d3a-4759-468a-9c09-46deea9c90d3", "isDeleted:":"true", "version":"1731940342282"}}
{"logTime": "1120/221817", "correlationVector":"+/aWr1ix0Vkl+5sUbEmsDR.160","action":"GetUpdates", "result":"DeleteReceived", "context":{"id":"6259e861-7f5f-4ae0-b5bd-363b03f1347f", "isDeleted:":"true", "version":"1731940342287"}}
{"logTime": "1120/221817", "correlationVector":"+/aWr1ix0Vkl+5sUbEmsDR.161","action":"GetUpdates", "result":"DeleteReceived", "context":{"id":"3c2f8f5d-00d8-4144-a317-c196e96c29d0", "isDeleted:":"true", "version":"1731940962966"}}
{"logTime": "1120/221817", "correlationVector":"+/aWr1ix0Vkl+5sUbEmsDR.162","action":"GetUpdates", "result":"DeleteReceived", "context":{"id":"7a9807ec-9592-4534-99eb-1f19e9473c0e", "isDeleted:":"true", "version":"1731941460459"}}
{"logTime": "1120/221817", "correlationVector":"+/aWr1ix0Vkl+5sUbEmsDR.163","action":"GetUpdates", "result":"DeleteReceived", "context":{"id":"28e3cb7d-c00f-4244-8ba2-f6868460c6ee", "isDeleted:":"true", "version":"1731941494679"}}
{"logTime": "1120/221817", "correlationVector":"+/aWr1ix0Vkl+5sUbEmsDR.164","action":"GetUpdates", "result":"DeleteReceived", "context":{"id":"64341d7c-ae88-4b0e-8584-84442ace6891", "isDeleted:":"true", "version":"1731941494680"}}
{"logTime": "1120/221817", "correlationVector":"+/aWr1ix0Vkl+5sUbEmsDR.165","action":"GetUpdates", "result":"DeleteReceived", "context":{"id":"d7fda630-23c9-4f5c-8ddc-5ddb2e91dd0a", "isDeleted:":"true", "version":"1731941795051"}}
{"logTime": "1120/221817", "correlationVector":"+/aWr1ix0Vkl+5sUbEmsDR.166","action":"GetUpdates", "result":"DeleteReceived", "context":{"id":"b2b8ae70-1c02-4d7b-868e-3594d88163df", "isDeleted:":"true", "version":"1731942265714"}}
{"logTime": "1120/221817", "correlationVector":"+/aWr1ix0Vkl+5sUbEmsDR.167","action":"GetUpdates", "result":"DeleteReceived", "context":{"id":"7c3e0371-3ce8-40d1-ac6d-e620e3c631e0", "isDeleted:":"true", "version":"1731942380917"}}
{"logTime": "1120/221817", "correlationVector":"+/aWr1ix0Vkl+5sUbEmsDR.168","action":"GetUpdates", "result":"DeleteReceived", "context":{"id":"9dc65fc5-9651-4871-b4c9-007fdf99551b", "isDeleted:":"true", "version":"1731942664562"}}
{"logTime": "1120/221817", "correlationVector":"+/aWr1ix0Vkl+5sUbEmsDR.169","action":"GetUpdates", "result":"DeleteReceived", "context":{"id":"388fdfb1-c8ee-4884-b71e-23579260a0cf", "isDeleted:":"true", "version":"1731943001109"}}
{"logTime": "1120/221817", "correlationVector":"+/aWr1ix0Vkl+5sUbEmsDR.170","action":"GetUpdates", "result":"DeleteReceived", "context":{"id":"3af3a2a6-dff5-4255-ba63-5879d9e168e3", "isDeleted:":"true", "version":"1731943300657"}}
{"logTime": "1120/221817", "correlationVector":"+/aWr1ix0Vkl+5sUbEmsDR.171","action":"GetUpdates", "result":"DeleteReceived", "context":{"id":"772674e7-f796-454b-9242-57e22c227ef2", "isDeleted:":"true", "version":"1731943833873"}}
{"logTime": "1120/221817", "correlationVector":"+/aWr1ix0Vkl+5sUbEmsDR.172","action":"GetUpdates", "result":"DeleteReceived", "context":{"id":"28c6f55d-4875-44b4-983b-0a630f030996", "isDeleted:":"true", "version":"1731944956897"}}
{"logTime": "1120/221817", "correlationVector":"+/aWr1ix0Vkl+5sUbEmsDR.173","action":"GetUpdates", "result":"DeleteReceived", "context":{"id":"0b0d8d0e-5f07-4ac9-bb92-2386d7f371b6", "isDeleted:":"true", "version":"1731945333495"}}
{"logTime": "1120/221817", "correlationVector":"+/aWr1ix0Vkl+5sUbEmsDR.174","action":"GetUpdates", "result":"DeleteReceived", "context":{"id":"3d621b55-1627-4185-8b31-53eb0a9b80b7", "isDeleted:":"true", "version":"1731946634968"}}
{"logTime": "1120/221817", "correlationVector":"+/aWr1ix0Vkl+5sUbEmsDR.175","action":"GetUpdates", "result":"DeleteReceived", "context":{"id":"ca4d1e6c-f02f-468c-b77e-d74e9813484e", "isDeleted:":"true", "version":"1731946873531"}}
{"logTime": "1120/221817", "correlationVector":"+/aWr1ix0Vkl+5sUbEmsDR.176","action":"GetUpdates", "result":"DeleteReceived", "context":{"id":"9fe894b2-a719-44a7-bdc9-8310bd77660e", "isDeleted:":"true", "version":"1731947489255"}}
{"logTime": "1120/221817", "correlationVector":"+/aWr1ix0Vkl+5sUbEmsDR.177","action":"GetUpdates", "result":"DeleteReceived", "context":{"id":"4e568555-4873-4b21-a486-218b3083ceb5", "isDeleted:":"true", "version":"1731948043818"}}
{"logTime": "1120/221817", "correlationVector":"+/aWr1ix0Vkl+5sUbEmsDR.178","action":"GetUpdates", "result":"DeleteReceived", "context":{"id":"aa654235-c4b3-47f3-95bc-4745123f82d6", "isDeleted:":"true", "version":"1731949753848"}}
{"logTime": "1120/221817", "correlationVector":"+/aWr1ix0Vkl+5sUbEmsDR.179","action":"GetUpdates", "result":"DeleteReceived", "context":{"id":"8013a7f4-d656-4d42-8010-3bfe1920bdc7", "isDeleted:":"true", "version":"1731949753850"}}
{"logTime": "1120/221817", "correlationVector":"+/aWr1ix0Vkl+5sUbEmsDR.180","action":"GetUpdates", "result":"DeleteReceived", "context":{"id":"5bcebb58-1890-41ce-bc90-269c2237a4a3", "isDeleted:":"true", "version":"1731949753851"}}
{"logTime": "1120/221817", "correlationVector":"+/aWr1ix0Vkl+5sUbEmsDR.181","action":"GetUpdates", "result":"DeleteReceived", "context":{"id":"d8b9abd6-31a0-4df2-80ea-e17193dfa388", "isDeleted:":"true", "version":"1731949753852"}}
{"logTime": "1120/221817", "correlationVector":"+/aWr1ix0Vkl+5sUbEmsDR.182","action":"GetUpdates", "result":"DeleteReceived", "context":{"id":"783bf5fd-634c-4154-8027-d0b1f0764a45", "isDeleted:":"true", "version":"1731949753853"}}
{"logTime": "1120/221817", "correlationVector":"+/aWr1ix0Vkl+5sUbEmsDR.183","action":"GetUpdates", "result":"DeleteReceived", "context":{"id":"7dc8109e-a03c-448d-98aa-1cc3237ff45c", "isDeleted:":"true", "version":"1731949753855"}}
{"logTime": "1120/221817", "correlationVector":"+/aWr1ix0Vkl+5sUbEmsDR.184","action":"GetUpdates", "result":"DeleteReceived", "context":{"id":"366abe3f-028f-431e-ab8f-f2b46ee41356", "isDeleted:":"true", "version":"1731949753857"}}
{"logTime": "1120/221817", "correlationVector":"+/aWr1ix0Vkl+5sUbEmsDR.185","action":"GetUpdates", "result":"DeleteReceived", "context":{"id":"07446947-1398-4694-ab68-25c6053a4eb5", "isDeleted:":"true", "version":"1731949753858"}}
{"logTime": "1120/221817", "correlationVector":"+/aWr1ix0Vkl+5sUbEmsDR.186","action":"GetUpdates", "result":"DeleteReceived", "context":{"id":"6d214154-411f-4d7d-ad97-2d8647e830fc", "isDeleted:":"true", "version":"1731949757186"}}
{"logTime": "1120/221817", "correlationVector":"+/aWr1ix0Vkl+5sUbEmsDR.187","action":"GetUpdates", "result":"DeleteReceived", "context":{"id":"0e422d30-4972-4e73-aee5-50a017be476a", "isDeleted:":"true", "version":"1732036757480"}}
{"logTime": "1120/221817", "correlationVector":"+/aWr1ix0Vkl+5sUbEmsDR.188","action":"GetUpdates", "result":"DeleteReceived", "context":{"id":"1aaca00e-28c7-439d-b9d7-80b5acfd38ae", "isDeleted:":"true", "version":"1732037969552"}}
{"logTime": "1120/221817", "correlationVector":"+/aWr1ix0Vkl+5sUbEmsDR.189","action":"GetUpdates", "result":"DeleteReceived", "context":{"id":"e20e8aa9-e704-4d9a-b1ba-1ab1a0c125df", "isDeleted:":"true", "version":"1732039441822"}}
{"logTime": "1120/221817", "correlationVector":"+/aWr1ix0Vkl+5sUbEmsDR.190","action":"GetUpdates", "result":"DeleteReceived", "context":{"id":"52f831f0-afd0-441f-b13e-60c9342afaa3", "isDeleted:":"true", "version":"1732122140098"}}
{"logTime": "1120/221817", "correlationVector":"+/aWr1ix0Vkl+5sUbEmsDR.191","action":"GetUpdates", "result":"DeleteReceived", "context":{"id":"9eea92f0-ca77-480b-a002-78dbf9f17ef1", "isDeleted:":"true", "version":"1732122140099"}}
{"logTime": "1120/221817", "correlationVector":"+/aWr1ix0Vkl+5sUbEmsDR.192","action":"GetUpdates", "result":"DeleteReceived", "context":{"id":"9f293b28-6486-4afa-aca3-a85f6ca2390c", "isDeleted:":"true", "version":"1732125486011"}}
{"logTime": "1120/221817", "correlationVector":"+/aWr1ix0Vkl+5sUbEmsDR.193","action":"GetUpdates", "result":"DeleteReceived", "context":{"id":"3272b984-2fdc-4827-ac2d-1e2a45a90ba7", "isDeleted:":"true", "version":"1732128440208"}}
{"logTime": "1120/221817", "correlationVector":"+/aWr1ix0Vkl+5sUbEmsDR.194","action":"GetUpdates", "result":"DeleteReceived", "context":{"id":"a629acc6-8b56-4a40-aed4-5d7a1184abf9", "isDeleted:":"true", "version":"1732128440210"}}
{"logTime": "1120/221817", "correlationVector":"+/aWr1ix0Vkl+5sUbEmsDR.195","action":"GetUpdates", "result":"DeleteReceived", "context":{"id":"856dd41f-f65a-4b82-bc47-195e59b78d5a", "isDeleted:":"true", "version":"1732128440211"}}
{"logTime": "1120/221817", "correlationVector":"+/aWr1ix0Vkl+5sUbEmsDR.196","action":"GetUpdates", "result":"DeleteReceived", "context":{"id":"866f6707-d482-4764-baa9-0b9573a8d429", "isDeleted:":"true", "version":"1732128440213"}}
{"logTime": "1120/221817", "correlationVector":"+/aWr1ix0Vkl+5sUbEmsDR.197","action":"GetUpdates", "result":"DeleteReceived", "context":{"id":"27c52902-dfca-43e5-a905-e5aae9f5b182", "isDeleted:":"true", "version":"1732128440214"}}
{"logTime": "1120/221817", "correlationVector":"+/aWr1ix0Vkl+5sUbEmsDR.198","action":"GetUpdates", "result":"DeleteReceived", "context":{"id":"4a111cf3-0e4b-436a-899f-5c54e199bd99", "isDeleted:":"true", "version":"1732128440215"}}
{"logTime": "1120/221817", "correlationVector":"+/aWr1ix0Vkl+5sUbEmsDR.199","action":"GetUpdates", "result":"DeleteReceived", "context":{"id":"947016ec-e24b-46d4-867d-885ee0a57df5", "isDeleted:":"true", "version":"1732128440216"}}
{"logTime": "1120/221817", "correlationVector":"+/aWr1ix0Vkl+5sUbEmsDR.200","action":"GetUpdates", "result":"DeleteReceived", "context":{"id":"7e80d8a5-fb9d-4d1e-a03c-d76cc891d35c", "isDeleted:":"true", "version":"1732128440217"}}
{"logTime": "1120/221817", "correlationVector":"+/aWr1ix0Vkl+5sUbEmsDR.201","action":"GetUpdates", "result":"DeleteReceived", "context":{"id":"00e98015-3eb8-4b86-b36d-2fbb35c14c23", "isDeleted:":"true", "version":"1732128440218"}}
{"logTime": "1120/221817", "correlationVector":"+/aWr1ix0Vkl+5sUbEmsDR.202","action":"GetUpdates", "result":"DeleteReceived", "context":{"id":"d466efbb-ec59-4d50-a8f5-68e733f30f3c", "isDeleted:":"true", "version":"1732128440219"}}
{"logTime": "1120/221817", "correlationVector":"+/aWr1ix0Vkl+5sUbEmsDR.203","action":"GetUpdates", "result":"DeleteReceived", "context":{"id":"366851d7-c4ac-428d-b6f2-20ce962d6ac2", "isDeleted:":"true", "version":"1732128440220"}}
{"logTime": "1120/221817", "correlationVector":"+/aWr1ix0Vkl+5sUbEmsDR.204","action":"GetUpdates", "result":"DeleteReceived", "context":{"id":"4f15afc7-b0db-4067-ba54-ce1f990a4d7b", "isDeleted:":"true", "version":"1732128493251"}}
{"logTime": "1120/221817", "correlationVector":"+/aWr1ix0Vkl+5sUbEmsDR.205","action":"GetUpdates", "result":"DeleteReceived", "context":{"id":"9e785c3e-8f8b-44e7-acf1-d1e7c2102a5f", "isDeleted:":"true", "version":"1732128524112"}}
{"logTime": "1120/221817", "correlationVector":"+/aWr1ix0Vkl+5sUbEmsDR.206","action":"GetUpdates", "result":"DeleteReceived", "context":{"id":"fb768c2d-8aa4-4e36-b714-c03bea94c472", "isDeleted:":"true", "version":"1732128524113"}}
{"logTime": "1120/221817", "correlationVector":"+/aWr1ix0Vkl+5sUbEmsDR.207","action":"GetUpdates", "result":"DeleteReceived", "context":{"id":"9422e959-073b-4934-96c5-f6e4592597c8", "isDeleted:":"true", "version":"1732131760278"}}
{"logTime": "1120/221817", "correlationVector":"+/aWr1ix0Vkl+5sUbEmsDR.208","action":"GetUpdates", "result":"DeleteReceived", "context":{"id":"6009ea63-757c-4df6-8c7e-0b314366e540", "isDeleted:":"true", "version":"1731949757188"}}
{"logTime": "1120/221817", "correlationVector":"+/aWr1ix0Vkl+5sUbEmsDR.209","action":"GetUpdates Response", "result":"Success", "context":Received 250 update(s). cV=+/aWr1ix0Vkl+5sUbEmsDR.0;server=general0100000H;cloudType=Consumer;environment=Prod_WestEurope_000l;migrationStage=NotStarted Some updates remain.}
{"logTime": "1120/221817", "correlationVector":"x4umQI8y9x91aS7/gstAzA","action":"Initial GetUpdates", "result":"", "context":Reason: NEWLY_SUPPORTED_DATATYPE. cV=x4umQI8y9x91aS7/gstAzA}
{"logTime": "1120/221818", "correlationVector":"x4umQI8y9x91aS7/gstAzA.1","action":"SyncServerConnectionManagerRequest", "result":"SYNC_SERVER_OK", "context":{"environment":"Prod_WestEurope_000l", "migrationStage":"NotStarted", "server":"GENERAL0100000I"}}
{"logTime": "1120/221818", "correlationVector":"x4umQI8y9x91aS7/gstAzA.2","action":"GetUpdates Response", "result":"Success", "context":Received 0 update(s). cV=x4umQI8y9x91aS7/gstAzA.0;server=GENERAL0100000I;cloudType=Consumer;environment=Prod_WestEurope_000l;migrationStage=NotStarted}
{"logTime": "1120/221818", "correlationVector":"zzm+4xM5tIF/AKe6cqhebR","action":"Normal GetUpdate request", "result":"", "context":cV=zzm+4xM5tIF/AKe6cqhebR
Nudged types: Sessions, Device Info, User Consents
Refresh requested types: Bookmarks, Preferences, Passwords, Autofill Profiles, Autofill, Typed URLs, Extensions, Sessions, Extension settings, History Delete Directives, Device Info, User Consents, Send Tab To Self, Web Apps, Collection, Edge E Drop, Edge Hub App Usage, Edge Tab Group, Edge Wallet, Encryption Keys}
{"logTime": "1120/221818", "correlationVector":"zzm+4xM5tIF/AKe6cqhebR.1","action":"SyncServerConnectionManagerRequest", "result":"SYNC_SERVER_OK", "context":{"environment":"Prod_WestEurope_000l", "migrationStage":"NotStarted", "server":"GENERAL0100001A"}}
{"logTime": "1120/221818", "correlationVector":"zzm+4xM5tIF/AKe6cqhebR.2","action":"GetUpdates Response", "result":"Success", "context":Received 0 update(s). cV=zzm+4xM5tIF/AKe6cqhebR.0;server=GENERAL0100001A;cloudType=Consumer;environment=Prod_WestEurope_000l;migrationStage=NotStarted}
{"logTime": "1120/221818", "correlationVector":"tpapD/iuPGLYI1YUF2t9K8","action":"DoCompareDataConsistency requsted types: ", "result":"Bookmarks, Preferences, Passwords, Typed URLs, Extensions, Extension settings, History Delete Directives, Send Tab To Self, Web Apps, Collection, Edge E Drop, Edge Tab Group, Edge Wallet, Encryption Keys"}
{"logTime": "1120/221818", "correlationVector":"tpapD/iuPGLYI1YUF2t9K8.0","action":"CompareDataConsistency result: ", "result":"Compare result: Encryption Keys is consistent. local entities count is: 1 local entities hash is: lEI1KiQ5FR5wCtq9EoDuEJq6+kg="}
{"logTime": "1120/221818", "correlationVector":"tpapD/iuPGLYI1YUF2t9K8.1","action":"CompareDataConsistency result: ", "result":"Compare result: Bookmarks is consistent. local entities count is: 3 local entities hash is: tX7bympgSzYOGk+rOXPHbobmjZA="}
{"logTime": "1120/221818", "correlationVector":"tpapD/iuPGLYI1YUF2t9K8.2","action":"CompareDataConsistency result: ", "result":"Compare result: Preferences is consistent. local entities count is: 90 local entities hash is: gSZ429DGzTcRgeHMn4agPQuQw0w="}
{"logTime": "1120/221818", "correlationVector":"tpapD/iuPGLYI1YUF2t9K8.3","action":"CompareDataConsistency result: ", "result":"Server did not send this Typed URLs local entities count is: 21 local entities hash is: +mV957bcz72xoBJyDgzh1xR4iAE="}
{"logTime": "1120/221818", "correlationVector":"tpapD/iuPGLYI1YUF2t9K8.4","action":"CompareDataConsistency result: ", "result":"Compare result: Extensions is consistent. local entities count is: 3 local entities hash is: CjE2XTdqwn+vcdfctw8G6xuWveY="}
{"logTime": "1120/221818", "correlationVector":"tpapD/iuPGLYI1YUF2t9K8.5","action":"CompareDataConsistency result: ", "result":"Compare result: Extension settings is consistent. local entities count is: 0 local entities hash is: "}
{"logTime": "1120/221818", "correlationVector":"tpapD/iuPGLYI1YUF2t9K8.6","action":"CompareDataConsistency result: ", "result":"Compare result: History Delete Directives is consistent. local entities count is: 0 local entities hash is: "}
{"logTime": "1120/221818", "correlationVector":"tpapD/iuPGLYI1YUF2t9K8.7","action":"CompareDataConsistency result: ", "result":"Server did not send this Send Tab To Self local entities count is: 0 local entities hash is: "}
{"logTime": "1120/221818", "correlationVector":"tpapD/iuPGLYI1YUF2t9K8.8","action":"CompareDataConsistency result: ", "result":"Compare result: Web Apps is consistent. local entities count is: 0 local entities hash is: "}
{"logTime": "1120/221818", "correlationVector":"tpapD/iuPGLYI1YUF2t9K8.9","action":"CompareDataConsistency result: ", "result":"Compare result: Collection is consistent. local entities count is: 0 local entities hash is: "}
{"logTime": "1120/221818", "correlationVector":"tpapD/iuPGLYI1YUF2t9K8.10","action":"CompareDataConsistency result: ", "result":"Compare result: Edge E Drop is consistent. local entities count is: 0 local entities hash is: "}
{"logTime": "1120/221818", "correlationVector":"tpapD/iuPGLYI1YUF2t9K8.11","action":"CompareDataConsistency result: ", "result":"Compare result: Edge Tab Group is consistent. local entities count is: 0 local entities hash is: "}
{"logTime": "1120/221818", "correlationVector":"tpapD/iuPGLYI1YUF2t9K8.12","action":"CompareDataConsistency result: ", "result":"Compare result: Edge Wallet is consistent. local entities count is: 0 local entities hash is: "}
{"logTime": "1120/221818", "correlationVector":"tpapD/iuPGLYI1YUF2t9K8.13","action":"CompareDataConsistency result: ", "result":"Compare result: Passwords is consistent. local entities count is: 61 local entities hash is: 5KjZzCFaM1c3Yqdj13tn5cX95no="}
{"logTime": "1120/221818", "correlationVector":"X215mDmpcZnm3NSsvDStju","action":"Commit Request", "result":"", "context":Item count: 5
Contributing types: Sessions, Device Info, User Consents}
{"logTime": "1120/221819", "correlationVector":"X215mDmpcZnm3NSsvDStju.1","action":"SyncServerConnectionManagerRequest", "result":"SYNC_SERVER_OK", "context":{"environment":"Prod_WestEurope_000l", "migrationStage":"NotStarted", "server":"GENERAL01000016"}}
{"logTime": "1120/221819", "correlationVector":"X215mDmpcZnm3NSsvDStju.2","action":"Commit Response", "result":"Success", "context":Result: Success. cV=X215mDmpcZnm3NSsvDStju.0;server=GENERAL01000016;cloudType=Consumer;environment=Prod_WestEurope_000l;migrationStage=NotStarted}
{"logTime": "1120/221819", "correlationVector":"","action":"DIAGNOSTIC_REQUEST|v1/diagnosticData/Diagnostic.SendCheckResult()|SUCCESS", "result":""}
{"logTime": "1120/221828", "correlationVector":"B5yF+4q/snp/4MTpFgsu84","action":"Commit Request", "result":"", "context":Item count: 40
Contributing types: Passwords}
{"logTime": "1120/221830", "correlationVector":"B5yF+4q/snp/4MTpFgsu84.1","action":"SyncServerConnectionManagerRequest", "result":"SYNC_SERVER_OK", "context":{"environment":"Prod_WestEurope_000l", "migrationStage":"NotStarted", "server":"GENERAL0100000U"}}
{"logTime": "1120/221830", "correlationVector":"B5yF+4q/snp/4MTpFgsu84.2","action":"Commit Response", "result":"Success", "context":Result: Success. cV=B5yF+4q/snp/4MTpFgsu84.0;server=GENERAL0100000U;cloudType=Consumer;environment=Prod_WestEurope_000l;migrationStage=NotStarted}
{"logTime": "1120/221830", "correlationVector":"algYbVNOm0SStYYLlVI1Mo","action":"Commit Request", "result":"", "context":Item count: 11
Contributing types: Preferences, Passwords}
{"logTime": "1120/221831", "correlationVector":"algYbVNOm0SStYYLlVI1Mo.1","action":"SyncServerConnectionManagerRequest", "result":"SYNC_SERVER_OK", "context":{"environment":"Prod_WestEurope_000l", "migrationStage":"NotStarted", "server":"GENERAL0100000M"}}
{"logTime": "1120/221831", "correlationVector":"algYbVNOm0SStYYLlVI1Mo.2","action":"Commit Response", "result":"Success", "context":Result: Success. cV=algYbVNOm0SStYYLlVI1Mo.0;server=GENERAL0100000M;cloudType=Consumer;environment=Prod_WestEurope_000l;migrationStage=NotStarted}
{"logTime": "1120/222123", "correlationVector":"rtbGzAh1TbOillHwtEcNVr","action":"Commit Request", "result":"", "context":Item count: 1
Contributing types: Sessions}
{"logTime": "1120/222124", "correlationVector":"rtbGzAh1TbOillHwtEcNVr.1","action":"SyncServerConnectionManagerRequest", "result":"SYNC_SERVER_OK", "context":{"environment":"Prod_WestEurope_000l", "migrationStage":"NotStarted", "server":"GENERAL0100000G"}}
{"logTime": "1120/222124", "correlationVector":"rtbGzAh1TbOillHwtEcNVr.2","action":"Commit Response", "result":"Success", "context":Result: Success. cV=rtbGzAh1TbOillHwtEcNVr.0;server=GENERAL0100000G;cloudType=Consumer;environment=Prod_WestEurope_000l;migrationStage=NotStarted}
{"logTime": "1120/222200", "correlationVector":"mtlIwSU27j+sfL+meUHqNP","action":"Commit Request", "result":"", "context":Item count: 1
Contributing types: Sessions}
{"logTime": "1120/222201", "correlationVector":"mtlIwSU27j+sfL+meUHqNP.1","action":"SyncServerConnectionManagerRequest", "result":"SYNC_SERVER_OK", "context":{"environment":"Prod_WestEurope_000l", "migrationStage":"NotStarted", "server":"GENERAL0100000G"}}
{"logTime": "1120/222201", "correlationVector":"mtlIwSU27j+sfL+meUHqNP.2","action":"Commit Response", "result":"Success", "context":Result: Success. cV=mtlIwSU27j+sfL+meUHqNP.0;server=GENERAL0100000G;cloudType=Consumer;environment=Prod_WestEurope_000l;migrationStage=NotStarted}
