2024-11-20 22:18:08.602: [INFO][Sync] Reset engine, reason: 8
2024-11-20 22:18:08.602: [INFO][Sync] Stopped: Bookmarks
2024-11-20 22:18:08.602: [INFO][Sync] Stopped: Preferences
2024-11-20 22:18:08.602: [INFO][Sync] Stopped: Passwords
2024-11-20 22:18:08.602: [INFO][Sync] Stopped: Autofill Profiles
2024-11-20 22:18:08.602: [INFO][Sync] Stopped: Autofill
2024-11-20 22:18:08.602: [INFO][Sync] Stopped: Typed URLs
2024-11-20 22:18:08.602: [INFO][Sync] Stopped: Extensions
2024-11-20 22:18:08.602: [INFO][Sync] Stopped: Sessions
2024-11-20 22:18:08.602: [INFO][Sync] Stopped: Extension settings
2024-11-20 22:18:08.602: [INFO][Sync] Stopped: History Delete Directives
2024-11-20 22:18:08.602: [INFO][Sync] Stopped: Device Info
2024-11-20 22:18:08.602: [INFO][Sync] Stopped: User Consents
2024-11-20 22:18:08.602: [INFO][Sync] Stopped: Send Tab To Self
2024-11-20 22:18:08.602: [INFO][Sync] Stopped: Web Apps
2024-11-20 22:18:08.602: [INFO][Sync] Stopped: History
2024-11-20 22:18:08.602: [INFO][Sync] Stopped: Collection
2024-11-20 22:18:08.602: [INFO][Sync] Stopped: Edge E Drop
2024-11-20 22:18:08.602: [INFO][Sync] Stopped: Edge Hub App Usage
2024-11-20 22:18:08.602: [INFO][Sync] Stopped: Edge Tab Group
2024-11-20 22:18:08.602: [INFO][Sync] Stopped: Edge Wallet
2024-11-20 22:18:08.602: [INFO][Sync] SyncState after authenticated was: NotSignedIn
2024-11-20 22:18:08.817: [INFO][Sync] Reset engine, reason: 8
2024-11-20 22:18:08.817: [INFO][Sync] Stopped: Bookmarks
2024-11-20 22:18:08.817: [INFO][Sync] Stopped: Preferences
2024-11-20 22:18:08.817: [INFO][Sync] Stopped: Passwords
2024-11-20 22:18:08.817: [INFO][Sync] Stopped: Autofill Profiles
2024-11-20 22:18:08.817: [INFO][Sync] Stopped: Autofill
2024-11-20 22:18:08.817: [INFO][Sync] Stopped: Typed URLs
2024-11-20 22:18:08.817: [INFO][Sync] Stopped: Extensions
2024-11-20 22:18:08.817: [INFO][Sync] Stopped: Sessions
2024-11-20 22:18:08.817: [INFO][Sync] Stopped: Extension settings
2024-11-20 22:18:08.817: [INFO][Sync] Stopped: History Delete Directives
2024-11-20 22:18:08.817: [INFO][Sync] Stopped: Device Info
2024-11-20 22:18:08.817: [INFO][Sync] Stopped: User Consents
2024-11-20 22:18:08.817: [INFO][Sync] Stopped: Send Tab To Self
2024-11-20 22:18:08.817: [INFO][Sync] Stopped: Web Apps
2024-11-20 22:18:08.817: [INFO][Sync] Stopped: History
2024-11-20 22:18:08.817: [INFO][Sync] Stopped: Collection
2024-11-20 22:18:08.817: [INFO][Sync] Stopped: Edge E Drop
2024-11-20 22:18:08.817: [INFO][Sync] Stopped: Edge Hub App Usage
2024-11-20 22:18:08.817: [INFO][Sync] Stopped: Edge Tab Group
2024-11-20 22:18:08.817: [INFO][Sync] Stopped: Edge Wallet
2024-11-20 22:18:09.036: [INFO][Sync] Try to start sync engine
2024-11-20 22:18:09.036: [INFO][SyncManagerImpl::NudgeForInitialDownload] Initial download nudge for Encryption Keys
2024-11-20 22:18:09.036: [INFO][SyncEngineBackend::LoadAndConnectNigoriController] Load and connect Nigori controller
2024-11-20 22:18:09.036: [INFO][SyncEngineBackend::DoInitialize] Control Types added: Encryption Keys
2024-11-20 22:18:09.036: [INFO][SyncManagerImpl::ConfigureSyncer] Types to download: Encryption Keys with reason: 3
2024-11-20 22:18:09.036: [INFO][SyncSchedulerImpl::DoConfigurationSyncCycleJob] Configure job was blocked
2024-11-20 22:18:09.468: [INFO][SyncAuthManager::SetLastAuthError] Current auth error: None
2024-11-20 22:18:09.468: [INFO][SyncAuthManager::EdgeLogTokenErrorState] Token error with: None for account type: MSA
2024-11-20 22:18:09.468: [INFO][Sync] Credentials changed for: EdgeSyncScopeNew
2024-11-20 22:18:10.989: [INFO][SyncAuthManager::SetLastAuthError] Current auth error: None
2024-11-20 22:18:10.989: [INFO][SyncAuthManager::EdgeLogTokenErrorState] Token error with: None for account type: MSA
2024-11-20 22:18:10.989: [INFO][Sync] Credentials changed for: EdgeSyncKeyDataScope
2024-11-20 22:18:10.990: [INFO][SyncEngineBackend::DoUpdateKeyDataCredentials] Update key data credentials
2024-11-20 22:18:10.990: [INFO][SyncEngineBackend::DoUpdateCredentials] Update credentials
2024-11-20 22:18:10.990: [INFO][SyncSchedulerImpl::DoConfigurationSyncCycleJob] Blocked types:  and types to download: Encryption Keys
2024-11-20 22:18:11.827: [INFO][Sync] Started DataTypeManager configuration, reason: 4
2024-11-20 22:18:11.827: [INFO][Sync] Configuring for: Bookmarks, Preferences, Passwords, Autofill Profiles, Autofill, Typed URLs, Extensions, Sessions, Extension settings, History Delete Directives, Device Info, User Consents, Send Tab To Self, Web Apps, Collection, Edge E Drop, Edge Hub App Usage, Edge Tab Group, Edge Wallet, Encryption Keys, reason: 3, current state: 0
2024-11-20 22:18:11.828: [INFO][Sync] Configure, desired: Bookmarks, Preferences, Typed URLs, Extensions, Sessions, Extension settings, History Delete Directives, Device Info, User Consents, Send Tab To Self, Web Apps, Collection, Edge E Drop, Edge Hub App Usage, Edge Tab Group, Edge Wallet, Encryption Keys; Allow fail: Passwords, Autofill Profiles, Autofill
2024-11-20 22:18:11.828: [INFO][Sync] Loading: Bookmarks
2024-11-20 22:18:11.828: [INFO][Sync] Loading: Preferences
2024-11-20 22:18:11.828: [INFO][Sync] Loading: Typed URLs
2024-11-20 22:18:11.828: [INFO][Sync] Loading: Extensions
2024-11-20 22:18:11.828: [INFO][Sync] Loading: Sessions
2024-11-20 22:18:11.828: [INFO][Sync] Loading: Extension settings
2024-11-20 22:18:11.828: [INFO][Sync] Loading: History Delete Directives
2024-11-20 22:18:11.828: [INFO][Sync] Loading: Device Info
2024-11-20 22:18:11.828: [INFO][Sync] Loading: User Consents
2024-11-20 22:18:11.828: [INFO][Sync] Loading: Send Tab To Self
2024-11-20 22:18:11.828: [INFO][Sync] Loading: Web Apps
2024-11-20 22:18:11.829: [INFO][Sync] Loading: Collection
2024-11-20 22:18:11.829: [INFO][Sync] Loading: Edge E Drop
2024-11-20 22:18:11.829: [INFO][Sync] Loading: Edge Hub App Usage
2024-11-20 22:18:11.829: [INFO][Sync] Loading: Edge Tab Group
2024-11-20 22:18:11.829: [INFO][Sync] Loading: Edge Wallet
2024-11-20 22:18:11.831: [INFO][Sync] All data types are ready for configure.
2024-11-20 22:18:12.695: [INFO][Sync] Started DataTypeManager configuration, reason: 5
2024-11-20 22:18:12.695: [INFO][Sync] Configuring for: Bookmarks, Preferences, Passwords, Autofill Profiles, Autofill, Typed URLs, Extensions, Sessions, Extension settings, History Delete Directives, Device Info, User Consents, Send Tab To Self, Web Apps, Collection, Edge E Drop, Edge Hub App Usage, Edge Tab Group, Edge Wallet, Encryption Keys, reason: 5, current state: 1
2024-11-20 22:18:12.695: [INFO][SyncEngineBackend::DoStartConfiguration] Start configuration
2024-11-20 22:18:12.695: [INFO][SyncManagerImpl::NudgeForInitialDownload] Initial download nudge for Bookmarks
2024-11-20 22:18:12.695: [INFO][SyncManagerImpl::NudgeForInitialDownload] Initial download nudge for Preferences
2024-11-20 22:18:12.695: [INFO][SyncManagerImpl::NudgeForInitialDownload] Initial download nudge for Typed URLs
2024-11-20 22:18:12.695: [INFO][SyncManagerImpl::NudgeForInitialDownload] Initial download nudge for Extensions
2024-11-20 22:18:12.695: [INFO][SyncManagerImpl::NudgeForInitialDownload] Initial download nudge for Sessions
2024-11-20 22:18:12.695: [INFO][SyncManagerImpl::NudgeForInitialDownload] Initial download nudge for Extension settings
2024-11-20 22:18:12.695: [INFO][SyncManagerImpl::NudgeForInitialDownload] Initial download nudge for History Delete Directives
2024-11-20 22:18:12.695: [INFO][SyncManagerImpl::NudgeForInitialDownload] Initial download nudge for Device Info
2024-11-20 22:18:12.695: [INFO][SyncManagerImpl::NudgeForInitialDownload] Initial download nudge for Send Tab To Self
2024-11-20 22:18:12.695: [INFO][SyncManagerImpl::NudgeForInitialDownload] Initial download nudge for Web Apps
2024-11-20 22:18:12.695: [INFO][SyncManagerImpl::NudgeForInitialDownload] Initial download nudge for Collection
2024-11-20 22:18:12.695: [INFO][SyncManagerImpl::NudgeForInitialDownload] Initial download nudge for Edge E Drop
2024-11-20 22:18:12.695: [INFO][SyncManagerImpl::NudgeForInitialDownload] Initial download nudge for Edge Hub App Usage
2024-11-20 22:18:12.695: [INFO][SyncManagerImpl::NudgeForInitialDownload] Initial download nudge for Edge Tab Group
2024-11-20 22:18:12.695: [INFO][SyncManagerImpl::NudgeForInitialDownload] Initial download nudge for Edge Wallet
2024-11-20 22:18:12.695: [INFO][SyncManagerImpl::ConfigureSyncer] Types to download:  with reason: 3
2024-11-20 22:18:12.695: [INFO][SyncEngineBackend::DoFinishConfigureDataTypes] Failed to download types:  and succeeded types: 
2024-11-20 22:18:12.696: [INFO][Sync] ConfigurationDone, failed: , succeeded: , remaining count: 3
2024-11-20 22:18:12.696: [WARN][Sync]     Reconfigure requested while configuration ongoing.
2024-11-20 22:18:12.696: [INFO][Sync] Configuring for: Bookmarks, Preferences, Passwords, Autofill Profiles, Autofill, Typed URLs, Extensions, Sessions, Extension settings, History Delete Directives, Device Info, User Consents, Send Tab To Self, Web Apps, Collection, Edge E Drop, Edge Hub App Usage, Edge Tab Group, Edge Wallet, Encryption Keys, reason: 5, current state: 2
2024-11-20 22:18:12.696: [INFO][Sync] Configure, desired: Bookmarks, Preferences, Passwords, Autofill Profiles, Autofill, Typed URLs, Extensions, Sessions, Extension settings, History Delete Directives, Device Info, User Consents, Send Tab To Self, Web Apps, Collection, Edge E Drop, Edge Hub App Usage, Edge Tab Group, Edge Wallet, Encryption Keys; Allow fail: 
2024-11-20 22:18:12.696: [INFO][Sync] Loading: Passwords
2024-11-20 22:18:12.696: [INFO][Sync] Loading: Autofill Profiles
2024-11-20 22:18:12.696: [INFO][Sync] Loading: Autofill
2024-11-20 22:18:12.696: [INFO][Sync] All data types are ready for configure.
2024-11-20 22:18:12.696: [INFO][SyncManagerImpl::NudgeForInitialDownload] Initial download nudge for Passwords
2024-11-20 22:18:12.696: [INFO][SyncManagerImpl::NudgeForInitialDownload] Initial download nudge for Autofill Profiles
2024-11-20 22:18:12.696: [INFO][SyncManagerImpl::NudgeForInitialDownload] Initial download nudge for Autofill
2024-11-20 22:18:12.696: [INFO][SyncManagerImpl::ConfigureSyncer] Types to download:  with reason: 5
2024-11-20 22:18:12.696: [INFO][SyncEngineBackend::DoFinishConfigureDataTypes] Failed to download types:  and succeeded types: 
2024-11-20 22:18:12.696: [INFO][Sync] ConfigurationDone, failed: , succeeded: , remaining count: 3
2024-11-20 22:18:12.696: [INFO][Sync] Prepare to configure types: Preferences, Passwords, Device Info, Send Tab To Self, Edge E Drop, Encryption Keys
2024-11-20 22:18:12.696: [INFO][SyncManagerImpl::ConfigureSyncer] Types to download: Preferences, Passwords, Device Info, Send Tab To Self, Edge E Drop, Encryption Keys with reason: 5
2024-11-20 22:18:12.696: [INFO][SyncSchedulerImpl::DoConfigurationSyncCycleJob] Blocked types:  and types to download: Preferences, Passwords, Device Info, Send Tab To Self, Edge E Drop, Encryption Keys
2024-11-20 22:18:13.578: [INFO][SyncEngineBackend::DoFinishConfigureDataTypes] Failed to download types:  and succeeded types: Preferences, Passwords, Device Info, Send Tab To Self, Edge E Drop, Encryption Keys
2024-11-20 22:18:13.584: [INFO][Sync] ConfigurationDone, failed: , succeeded: Preferences, Passwords, Device Info, Send Tab To Self, Edge E Drop, Encryption Keys, remaining count: 2
2024-11-20 22:18:13.584: [INFO][Sync] Prepare to configure types: Bookmarks, Encryption Keys
2024-11-20 22:18:13.584: [INFO][SyncManagerImpl::ConfigureSyncer] Types to download: Bookmarks, Encryption Keys with reason: 5
2024-11-20 22:18:13.584: [INFO][SyncSchedulerImpl::DoConfigurationSyncCycleJob] Blocked types:  and types to download: Bookmarks, Encryption Keys
2024-11-20 22:18:13.867: [INFO][SyncEngineBackend::DoFinishConfigureDataTypes] Failed to download types:  and succeeded types: Bookmarks, Encryption Keys
2024-11-20 22:18:13.867: [INFO][Sync] ConfigurationDone, failed: , succeeded: Bookmarks, Encryption Keys, remaining count: 1
2024-11-20 22:18:13.868: [INFO][Sync] Prepare to configure types: Autofill Profiles, Autofill, Typed URLs, Extensions, Sessions, Extension settings, History Delete Directives, Web Apps, Collection, Edge Hub App Usage, Edge Tab Group, Edge Wallet, Encryption Keys
2024-11-20 22:18:13.868: [INFO][SyncManagerImpl::ConfigureSyncer] Types to download: Autofill Profiles, Autofill, Typed URLs, Extensions, Sessions, Extension settings, History Delete Directives, Web Apps, Collection, Edge Hub App Usage, Edge Tab Group, Edge Wallet, Encryption Keys with reason: 5
2024-11-20 22:18:13.868: [INFO][SyncSchedulerImpl::DoConfigurationSyncCycleJob] Blocked types:  and types to download: Autofill Profiles, Autofill, Typed URLs, Extensions, Sessions, Extension settings, History Delete Directives, Web Apps, Collection, Edge Hub App Usage, Edge Tab Group, Edge Wallet, Encryption Keys
2024-11-20 22:18:18.172: [INFO][SyncEngineBackend::DoFinishConfigureDataTypes] Failed to download types:  and succeeded types: Autofill Profiles, Autofill, Typed URLs, Extensions, Sessions, Extension settings, History Delete Directives, Web Apps, Collection, Edge Hub App Usage, Edge Tab Group, Edge Wallet, Encryption Keys
2024-11-20 22:18:18.177: [INFO][Sync] ConfigurationDone, failed: , succeeded: Autofill Profiles, Autofill, Typed URLs, Extensions, Sessions, Extension settings, History Delete Directives, Web Apps, Collection, Edge Hub App Usage, Edge Tab Group, Edge Wallet, Encryption Keys, remaining count: 0
2024-11-20 22:18:18.177: [INFO][Sync]     Configuration completed, state: 7
2024-11-20 22:18:18.177: [INFO][Sync] Configured DataTypeManager: Ok
2024-11-20 22:18:18.178: [INFO][SyncEngineBackend::DoStartSyncing] Start syncing
2024-11-20 22:22:27.500: [INFO][Sync] Reset engine, reason: 0
2024-11-20 22:22:27.500: [INFO][Sync] Reset engine with reason: 0
2024-11-24 03:55:10.341: [INFO][Sync] SyncState after authenticated was: FeatureNotRequestedNotSetup
2024-11-24 03:55:10.643: [INFO][Sync] Try to start sync engine
2024-11-24 03:55:10.644: [INFO][SyncManagerImpl::NudgeForInitialDownload] Initial download nudge for Encryption Keys
2024-11-24 03:55:10.644: [INFO][SyncEngineBackend::LoadAndConnectNigoriController] Load and connect Nigori controller
2024-11-24 03:55:10.644: [INFO][SyncEngineBackend::DoInitialize] Control Types added: Encryption Keys
2024-11-24 03:55:10.645: [INFO][SyncManagerImpl::ConfigureSyncer] Types to download: Encryption Keys with reason: 3
2024-11-24 03:55:10.645: [INFO][SyncSchedulerImpl::DoConfigurationSyncCycleJob] Configure job was blocked
2024-11-24 03:55:10.753: [INFO][SyncAuthManager::SetLastAuthError] Current auth error: None
2024-11-24 03:55:10.753: [INFO][SyncAuthManager::EdgeLogTokenErrorState] Token error with: None for account type: MSA
2024-11-24 03:55:10.753: [INFO][Sync] Credentials changed for: EdgeSyncScopeNew
2024-11-24 04:25:29.856: [INFO][Sync] Reset engine, reason: 0
2024-11-24 04:32:42.371: [INFO][Sync] SyncState after authenticated was: FeatureNotRequestedNotSetup
2024-11-24 04:32:42.664: [INFO][Sync] Try to start sync engine
2024-11-24 04:32:42.665: [INFO][SyncManagerImpl::NudgeForInitialDownload] Initial download nudge for Encryption Keys
2024-11-24 04:32:42.665: [INFO][SyncEngineBackend::LoadAndConnectNigoriController] Load and connect Nigori controller
2024-11-24 04:32:42.665: [INFO][SyncEngineBackend::DoInitialize] Control Types added: Encryption Keys
2024-11-24 04:32:42.665: [INFO][SyncManagerImpl::ConfigureSyncer] Types to download: Encryption Keys with reason: 3
2024-11-24 04:32:42.665: [INFO][SyncSchedulerImpl::DoConfigurationSyncCycleJob] Configure job was blocked
2024-11-24 04:32:42.781: [INFO][SyncAuthManager::SetLastAuthError] Current auth error: None
2024-11-24 04:32:42.781: [INFO][SyncAuthManager::EdgeLogTokenErrorState] Token error with: None for account type: MSA
2024-11-24 04:32:42.781: [INFO][Sync] Credentials changed for: EdgeSyncScopeNew
2024-11-24 04:33:16.050: [INFO][Sync] Reset engine, reason: 0
2024-11-24 04:33:16.050: [INFO][Sync] Reset engine with reason: 0
2024-11-28 02:44:15.464: [INFO][Sync] SyncState after authenticated was: FeatureNotRequestedNotSetup
2024-11-28 02:44:15.641: [INFO][Sync] Try to start sync engine
2024-11-28 02:44:15.643: [INFO][SyncManagerImpl::NudgeForInitialDownload] Initial download nudge for Encryption Keys
2024-11-28 02:44:15.643: [INFO][SyncEngineBackend::LoadAndConnectNigoriController] Load and connect Nigori controller
2024-11-28 02:44:15.643: [INFO][SyncEngineBackend::DoInitialize] Control Types added: Encryption Keys
2024-11-28 02:44:15.643: [INFO][SyncManagerImpl::ConfigureSyncer] Types to download: Encryption Keys with reason: 3
2024-11-28 02:44:15.643: [INFO][SyncSchedulerImpl::DoConfigurationSyncCycleJob] Configure job was blocked
2024-11-28 02:44:15.714: [INFO][SyncAuthManager::SetLastAuthError] Current auth error: None
2024-11-28 02:44:15.714: [INFO][SyncAuthManager::EdgeLogTokenErrorState] Token error with: None for account type: MSA
2024-11-28 02:44:15.714: [INFO][Sync] Credentials changed for: EdgeSyncScopeNew
2024-11-28 20:51:19.214: [INFO][Sync] SyncState after authenticated was: FeatureNotRequestedNotSetup
2024-11-28 20:51:19.521: [INFO][Sync] Try to start sync engine
2024-11-28 20:51:19.522: [INFO][SyncManagerImpl::NudgeForInitialDownload] Initial download nudge for Encryption Keys
2024-11-28 20:51:19.522: [INFO][SyncEngineBackend::LoadAndConnectNigoriController] Load and connect Nigori controller
2024-11-28 20:51:19.522: [INFO][SyncEngineBackend::DoInitialize] Control Types added: Encryption Keys
2024-11-28 20:51:19.522: [INFO][SyncManagerImpl::ConfigureSyncer] Types to download: Encryption Keys with reason: 3
2024-11-28 20:51:19.522: [INFO][SyncSchedulerImpl::DoConfigurationSyncCycleJob] Configure job was blocked
2024-11-28 20:51:19.652: [INFO][SyncAuthManager::SetLastAuthError] Current auth error: None
2024-11-28 20:51:19.652: [INFO][SyncAuthManager::EdgeLogTokenErrorState] Token error with: None for account type: MSA
2024-11-28 20:51:19.652: [INFO][Sync] Credentials changed for: EdgeSyncScopeNew
2024-11-28 20:51:44.564: [INFO][Sync] Reset engine, reason: 0
2024-11-28 20:51:44.564: [INFO][Sync] Reset engine with reason: 0
2024-11-29 02:25:21.955: [INFO][Sync] SyncState after authenticated was: FeatureNotRequestedNotSetup
2024-11-29 02:25:22.205: [INFO][Sync] Try to start sync engine
2024-11-29 02:25:22.206: [INFO][SyncManagerImpl::NudgeForInitialDownload] Initial download nudge for Encryption Keys
2024-11-29 02:25:22.206: [INFO][SyncEngineBackend::LoadAndConnectNigoriController] Load and connect Nigori controller
2024-11-29 02:25:22.206: [INFO][SyncEngineBackend::DoInitialize] Control Types added: Encryption Keys
2024-11-29 02:25:22.206: [INFO][SyncManagerImpl::ConfigureSyncer] Types to download: Encryption Keys with reason: 3
2024-11-29 02:25:22.206: [INFO][SyncSchedulerImpl::DoConfigurationSyncCycleJob] Configure job was blocked
2024-11-29 02:25:22.323: [INFO][SyncAuthManager::SetLastAuthError] Current auth error: None
2024-11-29 02:25:22.324: [INFO][SyncAuthManager::EdgeLogTokenErrorState] Token error with: None for account type: MSA
2024-11-29 02:25:22.324: [INFO][Sync] Credentials changed for: EdgeSyncScopeNew
