#
# There is insufficient memory for the Java Runtime Environment to continue.
# Native memory allocation (mmap) failed to map 266338304 bytes for G1 virtual space
# Possible reasons:
#   The system is out of physical RAM or swap space
#   The process is running with CompressedOops enabled, and the Java Heap may be blocking the growth of the native heap
# Possible solutions:
#   Reduce memory load on the system
#   Increase physical memory or swap space
#   Check if swap backing store is full
#   Decrease Java heap size (-Xmx/-Xms)
#   Decrease number of Java threads
#   Decrease Java thread stack sizes (-Xss)
#   Set larger code cache with -XX:ReservedCodeCacheSize=
#   JVM is running with Zero Based Compressed Oops mode in which the Java heap is
#     placed in the first 32GB address space. The Java Heap base address is the
#     maximum limit for the native heap growth. Please use -XX:HeapBaseMinAddress
#     to set the Java Heap base and to place the Java Heap above 32GB virtual address.
# This output file may be truncated or incomplete.
#
#  Out of Memory Error (os_windows.cpp:3825), pid=15796, tid=19156
#
# JRE version:  (17.0.9) (build )
# Java VM: OpenJDK 64-Bit Server VM (17.0.9+0--11185874, mixed mode, sharing, tiered, compressed oops, compressed class ptrs, g1 gc, windows-amd64)
# No core dump will be written. Minidumps are not enabled by default on client versions of Windows
#

---------------  S U M M A R Y ------------

Command Line: 

Host: Intel(R) Core(TM) i7-10510U CPU @ 1.80GHz, 8 cores, 15G,  Windows 11 , 64 bit Build 22621 (10.0.22621.4391)
Time: Sun Dec  1 01:33:38 2024 Arab Standard Time elapsed time: 0.007846 seconds (0d 0h 0m 0s)

---------------  T H R E A D  ---------------

Current thread (0x00000129be97b230):  JavaThread "Unknown thread" [_thread_in_vm, id=19156, stack(0x0000001376d00000,0x0000001376e00000)]

Stack: [0x0000001376d00000,0x0000001376e00000]
Native frames: (J=compiled Java code, j=interpreted, Vv=VM code, C=native code)
V  [jvm.dll+0x6886e9]
V  [jvm.dll+0x841e4a]
V  [jvm.dll+0x843a8e]
V  [jvm.dll+0x8440f3]
V  [jvm.dll+0x24c14f]
V  [jvm.dll+0x685499]
V  [jvm.dll+0x679c2a]
V  [jvm.dll+0x30cf9b]
V  [jvm.dll+0x314446]
V  [jvm.dll+0x36425e]
V  [jvm.dll+0x36448f]
V  [jvm.dll+0x2e2d68]
V  [jvm.dll+0x2e3cd4]
V  [jvm.dll+0x8129f1]
V  [jvm.dll+0x3720c1]
V  [jvm.dll+0x7f152c]
V  [jvm.dll+0x3f5d4f]
V  [jvm.dll+0x3f7981]
C  [jli.dll+0x528f]
C  [ucrtbase.dll+0x29333]
C  [KERNEL32.DLL+0x1259d]
C  [ntdll.dll+0x5af38]


---------------  P R O C E S S  ---------------

Threads class SMR info:
_java_thread_list=0x00007ffc654aef18, length=0, elements={
}

Java Threads: ( => current thread )

Other Threads:
  0x00000129be9e7cb0 GCTaskThread "GC Thread#0" [stack: 0x0000001376e00000,0x0000001376f00000] [id=18712]
  0x00000129be9f8980 ConcurrentGCThread "G1 Main Marker" [stack: 0x0000001376f00000,0x0000001377000000] [id=9284]
  0x00000129be9f93a0 ConcurrentGCThread "G1 Conc#0" [stack: 0x0000001377000000,0x0000001377100000] [id=15964]

[error occurred during error reporting (printing all threads), id 0xc0000005, EXCEPTION_ACCESS_VIOLATION (0xc0000005) at pc=0x00007ffc64c63937]

VM state: not at safepoint (not fully initialized)

VM Mutex/Monitor currently owned by a thread:  ([mutex/lock_event])
[0x00000129be9776f0] Heap_lock - owner thread: 0x00000129be97b230

Heap address: 0x0000000702800000, size: 4056 MB, Compressed Oops mode: Zero based, Oop shift amount: 3

CDS archive(s) mapped at: [0x0000000000000000-0x0000000000000000-0x0000000000000000), size 0, SharedBaseAddress: 0x0000000800000000, ArchiveRelocationMode: 1.
Narrow klass base: 0x0000000000000000, Narrow klass shift: 0, Narrow klass range: 0x0

GC Precious Log:
<Empty>

Heap:
 garbage-first heap   total 0K, used 0K [0x0000000702800000, 0x0000000800000000)
  region size 2048K, 0 young (0K), 0 survivors (0K)
 Metaspace       used 0K, committed 0K, reserved 0K
  class space    used 0K, committed 0K, reserved 0K

Heap Regions: E=young(eden), S=young(survivor), O=old, HS=humongous(starts), HC=humongous(continues), CS=collection set, F=free, OA=open archive, CA=closed archive, TAMS=top-at-mark-start (previous, next)

Card table byte_map: [0x00000129d1970000,0x00000129d2160000] _byte_map_base: 0x00000129ce15c000

Marking Bits (Prev, Next): (CMBitMap*) 0x00000129be9e82d0, (CMBitMap*) 0x00000129be9e8310
 Prev Bits: [0x00000129d2950000, 0x00000129d68b0000)
 Next Bits: [0x00000129d68b0000, 0x00000129da810000)

GC Heap History (0 events):
No events

Dll operation events (1 events):
Event: 0.005 Loaded shared library C:\Program Files\Android\Android Studio1\jbr\bin\java.dll

Deoptimization events (0 events):
No events

Classes unloaded (0 events):
No events

Classes redefined (0 events):
No events

Internal exceptions (0 events):
No events

VM Operations (0 events):
No events

Events (0 events):
No events


Dynamic libraries:
0x00007ff74d440000 - 0x00007ff74d44a000 	C:\Program Files\Android\Android Studio1\jbr\bin\java.EXE
0x00007ffcda970000 - 0x00007ffcdab87000 	C:\WINDOWS\SYSTEM32\ntdll.dll
0x00007ffcd89f0000 - 0x00007ffcd8ab4000 	C:\WINDOWS\System32\KERNEL32.DLL
0x00007ffcd80d0000 - 0x00007ffcd8489000 	C:\WINDOWS\System32\KERNELBASE.dll
0x00007ffcd7ca0000 - 0x00007ffcd7db1000 	C:\WINDOWS\System32\ucrtbase.dll
0x00007ffc74c30000 - 0x00007ffc74c47000 	C:\Program Files\Android\Android Studio1\jbr\bin\jli.dll
0x00007ffcc1ed0000 - 0x00007ffcc1eeb000 	C:\Program Files\Android\Android Studio1\jbr\bin\VCRUNTIME140.dll
0x00007ffcd8840000 - 0x00007ffcd89ee000 	C:\WINDOWS\System32\USER32.dll
0x00007ffcd8490000 - 0x00007ffcd84b6000 	C:\WINDOWS\System32\win32u.dll
0x00007ffccb3b0000 - 0x00007ffccb642000 	C:\WINDOWS\WinSxS\amd64_microsoft.windows.common-controls_6595b64144ccf1df_6.0.22621.4391_none_2715d37f73803e96\COMCTL32.dll
0x00007ffcda900000 - 0x00007ffcda929000 	C:\WINDOWS\System32\GDI32.dll
0x00007ffcd8f90000 - 0x00007ffcd9037000 	C:\WINDOWS\System32\msvcrt.dll
0x00007ffcd7f30000 - 0x00007ffcd804b000 	C:\WINDOWS\System32\gdi32full.dll
0x00007ffcd8530000 - 0x00007ffcd85ca000 	C:\WINDOWS\System32\msvcp_win.dll
0x00007ffcd8770000 - 0x00007ffcd87a1000 	C:\WINDOWS\System32\IMM32.DLL
0x00007ffcba4a0000 - 0x00007ffcba4ac000 	C:\Program Files\Android\Android Studio1\jbr\bin\vcruntime140_1.dll
0x00007ffcb9af0000 - 0x00007ffcb9b7d000 	C:\Program Files\Android\Android Studio1\jbr\bin\msvcp140.dll
0x00007ffc64970000 - 0x00007ffc655f3000 	C:\Program Files\Android\Android Studio1\jbr\bin\server\jvm.dll
0x00007ffcd9310000 - 0x00007ffcd93c2000 	C:\WINDOWS\System32\ADVAPI32.dll
0x00007ffcd93f0000 - 0x00007ffcd9497000 	C:\WINDOWS\System32\sechost.dll
0x00007ffcd7c70000 - 0x00007ffcd7c98000 	C:\WINDOWS\System32\bcrypt.dll
0x00007ffcd94a0000 - 0x00007ffcd95b4000 	C:\WINDOWS\System32\RPCRT4.dll
0x00007ffca8b90000 - 0x00007ffca8b99000 	C:\WINDOWS\SYSTEM32\WSOCK32.dll
0x00007ffcd6b00000 - 0x00007ffcd6b4d000 	C:\WINDOWS\SYSTEM32\POWRPROF.dll
0x00007ffcd9280000 - 0x00007ffcd92f1000 	C:\WINDOWS\System32\WS2_32.dll
0x00007ffcd31e0000 - 0x00007ffcd3214000 	C:\WINDOWS\SYSTEM32\WINMM.dll
0x00007ffcd2cb0000 - 0x00007ffcd2cba000 	C:\WINDOWS\SYSTEM32\VERSION.dll
0x00007ffcd6ae0000 - 0x00007ffcd6af3000 	C:\WINDOWS\SYSTEM32\UMPDC.dll
0x00007ffcd6da0000 - 0x00007ffcd6db8000 	C:\WINDOWS\SYSTEM32\kernel.appcore.dll
0x00007ffca7690000 - 0x00007ffca769a000 	C:\Program Files\Android\Android Studio1\jbr\bin\jimage.dll
0x00007ffcc0260000 - 0x00007ffcc0492000 	C:\WINDOWS\SYSTEM32\DBGHELP.DLL
0x00007ffcd9e40000 - 0x00007ffcda1cf000 	C:\WINDOWS\System32\combase.dll
0x00007ffcd8690000 - 0x00007ffcd8767000 	C:\WINDOWS\System32\OLEAUT32.dll
0x00007ffcbbc60000 - 0x00007ffcbbc92000 	C:\WINDOWS\SYSTEM32\dbgcore.DLL
0x00007ffcd8050000 - 0x00007ffcd80cb000 	C:\WINDOWS\System32\bcryptPrimitives.dll
0x00007ffc65a20000 - 0x00007ffc65a45000 	C:\Program Files\Android\Android Studio1\jbr\bin\java.dll

dbghelp: loaded successfully - version: 4.0.5 - missing functions: none
symbol engine: initialized successfully - sym options: 0x614 - pdb path: .;C:\Program Files\Android\Android Studio1\jbr\bin;C:\WINDOWS\SYSTEM32;C:\WINDOWS\WinSxS\amd64_microsoft.windows.common-controls_6595b64144ccf1df_6.0.22621.4391_none_2715d37f73803e96;C:\Program Files\Android\Android Studio1\jbr\bin\server

VM Arguments:
java_command: <unknown>
java_class_path (initial): <not set>
Launcher Type: SUN_STANDARD

[Global flags]
     intx CICompilerCount                          = 4                                         {product} {ergonomic}
     uint ConcGCThreads                            = 2                                         {product} {ergonomic}
     uint G1ConcRefinementThreads                  = 8                                         {product} {ergonomic}
   size_t G1HeapRegionSize                         = 2097152                                   {product} {ergonomic}
    uintx GCDrainStackTargetSize                   = 64                                        {product} {ergonomic}
   size_t InitialHeapSize                          = 266338304                                 {product} {ergonomic}
   size_t MarkStackSize                            = 4194304                                   {product} {ergonomic}
   size_t MaxHeapSize                              = 4253024256                                {product} {ergonomic}
   size_t MinHeapDeltaBytes                        = 2097152                                   {product} {ergonomic}
   size_t MinHeapSize                              = 8388608                                   {product} {ergonomic}
    uintx NonNMethodCodeHeapSize                   = 5839372                                {pd product} {ergonomic}
    uintx NonProfiledCodeHeapSize                  = 122909434                              {pd product} {ergonomic}
    uintx ProfiledCodeHeapSize                     = 122909434                              {pd product} {ergonomic}
    uintx ReservedCodeCacheSize                    = 251658240                              {pd product} {ergonomic}
     bool SegmentedCodeCache                       = true                                      {product} {ergonomic}
   size_t SoftMaxHeapSize                          = 4253024256                             {manageable} {ergonomic}
     bool UseCompressedClassPointers               = true                           {product lp64_product} {ergonomic}
     bool UseCompressedOops                        = true                           {product lp64_product} {ergonomic}
     bool UseG1GC                                  = true                                      {product} {ergonomic}
     bool UseLargePagesIndividualAllocation        = false                                  {pd product} {ergonomic}

Logging:
Log output configuration:
 #0: stdout all=warning uptime,level,tags
 #1: stderr all=off uptime,level,tags

Environment Variables:
PATH=C:\c\flutter\flutter\bin\;C:\Windows\system32;C:\Windows;C:\Windows\System32\Wbem;C:\Windows\System32\WindowsPowerShell\v1.0\;C:\Windows\System32\OpenSSH\;C:\Program Files (x86)\NVIDIA Corporation\PhysX\Common;C:\Program Files\NVIDIA Corporation\NVIDIA NvDLISR;C:\WINDOWS\system32;C:\WINDOWS;C:\WINDOWS\System32\Wbem;C:\WINDOWS\System32\WindowsPowerShell\v1.0\;C:\WINDOWS\System32\OpenSSH\;C:\Program Files (x86)\dotnet\;C:\Program Files\nodejs\;C:\Program Files\Git\cmd;C:\Users\Raghad\AppData\Local\Microsoft\WindowsApps;C:\Users\Raghad\AppData\Local\Programs\Microsoft VS Code\bin;C:\Users\Raghad\AppData\Local\GitHubDesktop\bin;C:\ProgramData\Raghad\GitHubDesktop\bin;C:\c\flutter\flutter\bin;C:\Users\Raghad\AppData\Local\Android\Sdk\tools;C:\Users\Raghad\AppData\Local\Android\Sdk\emulator;C:\Users\Raghad\AppData\Local\Android\Sdk\platform-tools;C:\Users\Raghad\AppData\Roaming\npm;C:\c\flutter\flutter\bin\mingit\cmd
USERNAME=Raghad
LANG=en_US.UTF-8
OS=Windows_NT
PROCESSOR_IDENTIFIER=Intel64 Family 6 Model 142 Stepping 12, GenuineIntel
TMP=C:\Users\Raghad\AppData\Local\Temp
TEMP=C:\Users\Raghad\AppData\Local\Temp



Periodic native trim disabled

JNI global refs:
JNI global refs: 0, weak refs: 0

JNI global refs memory usage: 0, weak refs: 0

OOME stack traces (most recent first):
Classloader memory used:


---------------  S Y S T E M  ---------------

OS:
 Windows 11 , 64 bit Build 22621 (10.0.22621.4391)
OS uptime: 0 days 0:28 hours

CPU: total 8 (initial active 8) (4 cores per cpu, 2 threads per core) family 6 model 142 stepping 12 microcode 0xde, cx8, cmov, fxsr, ht, mmx, 3dnowpref, sse, sse2, sse3, ssse3, sse4.1, sse4.2, popcnt, lzcnt, tsc, tscinvbit, avx, avx2, aes, erms, clmul, bmi1, bmi2, adx, fma, vzeroupper, clflush, clflushopt
Processor Information for all 8 processors :
  Max Mhz: 2304, Current Mhz: 2304, Mhz Limit: 1797

Memory: 4k page, system-wide physical 16217M (5195M free)
TotalPageFile size 16217M (AvailPageFile size 200M)
current process WorkingSet (physical memory assigned to process): 11M, peak: 11M
current process commit charge ("private bytes"): 60M, peak: 314M

vm_info: OpenJDK 64-Bit Server VM (17.0.9+0--11185874) for windows-amd64 JRE (17.0.9+0--11185874), built on Dec  6 2023 18:57:44 by "androidbuild" with MS VC++ 16.10 / 16.11 (VS2019)

END.
