#
# There is insufficient memory for the Java Runtime Environment to continue.
# Native memory allocation (mmap) failed to map 266338304 bytes for G1 virtual space
# Possible reasons:
#   The system is out of physical RAM or swap space
#   The process is running with CompressedOops enabled, and the Java Heap may be blocking the growth of the native heap
# Possible solutions:
#   Reduce memory load on the system
#   Increase physical memory or swap space
#   Check if swap backing store is full
#   Decrease Java heap size (-Xmx/-Xms)
#   Decrease number of Java threads
#   Decrease Java thread stack sizes (-Xss)
#   Set larger code cache with -XX:ReservedCodeCacheSize=
#   JVM is running with Zero Based Compressed Oops mode in which the Java heap is
#     placed in the first 32GB address space. The Java Heap base address is the
#     maximum limit for the native heap growth. Please use -XX:HeapBaseMinAddress
#     to set the Java Heap base and to place the Java Heap above 32GB virtual address.
# This output file may be truncated or incomplete.
#
#  Out of Memory Error (os_windows.cpp:3825), pid=720, tid=5408
#
# JRE version:  (17.0.9) (build )
# Java VM: OpenJDK 64-Bit Server VM (17.0.9+0--11185874, mixed mode, sharing, tiered, compressed oops, compressed class ptrs, g1 gc, windows-amd64)
# No core dump will be written. Minidumps are not enabled by default on client versions of Windows
#

---------------  S U M M A R Y ------------

Command Line: 

Host: Intel(R) Core(TM) i7-10510U CPU @ 1.80GHz, 8 cores, 15G,  Windows 11 , 64 bit Build 22621 (10.0.22621.4391)
Time: Sun Dec  1 00:59:05 2024 Arab Standard Time elapsed time: 0.020434 seconds (0d 0h 0m 0s)

---------------  T H R E A D  ---------------

Current thread (0x000001bd84a7b520):  JavaThread "Unknown thread" [_thread_in_vm, id=5408, stack(0x00000021e5000000,0x00000021e5100000)]

Stack: [0x00000021e5000000,0x00000021e5100000]
Native frames: (J=compiled Java code, j=interpreted, Vv=VM code, C=native code)
V  [jvm.dll+0x6886e9]
V  [jvm.dll+0x841e4a]
V  [jvm.dll+0x843a8e]
V  [jvm.dll+0x8440f3]
V  [jvm.dll+0x24c14f]
V  [jvm.dll+0x685499]
V  [jvm.dll+0x679c2a]
V  [jvm.dll+0x30cf9b]
V  [jvm.dll+0x314446]
V  [jvm.dll+0x36425e]
V  [jvm.dll+0x36448f]
V  [jvm.dll+0x2e2d68]
V  [jvm.dll+0x2e3cd4]
V  [jvm.dll+0x8129f1]
V  [jvm.dll+0x3720c1]
V  [jvm.dll+0x7f152c]
V  [jvm.dll+0x3f5d4f]
V  [jvm.dll+0x3f7981]
C  [jli.dll+0x528f]
C  [ucrtbase.dll+0x29333]
C  [KERNEL32.DLL+0x1259d]
C  [ntdll.dll+0x5af38]


---------------  P R O C E S S  ---------------

Threads class SMR info:
_java_thread_list=0x00007ffa67f4ef18, length=0, elements={
}

Java Threads: ( => current thread )

Other Threads:
  0x000001bd84ae4a00 GCTaskThread "GC Thread#0" [stack: 0x00000021e5100000,0x00000021e5200000] [id=16388]
  0x000001bd84af66e0 ConcurrentGCThread "G1 Main Marker" [stack: 0x00000021e5200000,0x00000021e5300000] [id=9264]
  0x000001bd84af7100 ConcurrentGCThread "G1 Conc#0" [stack: 0x00000021e5300000,0x00000021e5400000] [id=4196]

[error occurred during error reporting (printing all threads), id 0xc0000005, EXCEPTION_ACCESS_VIOLATION (0xc0000005) at pc=0x00007ffa67703937]

VM state: not at safepoint (not fully initialized)

VM Mutex/Monitor currently owned by a thread:  ([mutex/lock_event])
[0x000001bd84a77e00] Heap_lock - owner thread: 0x000001bd84a7b520

Heap address: 0x0000000702800000, size: 4056 MB, Compressed Oops mode: Zero based, Oop shift amount: 3

CDS archive(s) mapped at: [0x0000000000000000-0x0000000000000000-0x0000000000000000), size 0, SharedBaseAddress: 0x0000000800000000, ArchiveRelocationMode: 1.
Narrow klass base: 0x0000000000000000, Narrow klass shift: 0, Narrow klass range: 0x0

GC Precious Log:
<Empty>

Heap:
 garbage-first heap   total 0K, used 0K [0x0000000702800000, 0x0000000800000000)
  region size 2048K, 0 young (0K), 0 survivors (0K)
 Metaspace       used 0K, committed 0K, reserved 0K
  class space    used 0K, committed 0K, reserved 0K

Heap Regions: E=young(eden), S=young(survivor), O=old, HS=humongous(starts), HC=humongous(continues), CS=collection set, F=free, OA=open archive, CA=closed archive, TAMS=top-at-mark-start (previous, next)

Card table byte_map: [0x000001bd97a60000,0x000001bd98250000] _byte_map_base: 0x000001bd9424c000

Marking Bits (Prev, Next): (CMBitMap*) 0x000001bd84ae6030, (CMBitMap*) 0x000001bd84ae6070
 Prev Bits: [0x000001bd98a40000, 0x000001bd9c9a0000)
 Next Bits: [0x000001bd9c9a0000, 0x000001bda0900000)

GC Heap History (0 events):
No events

Dll operation events (1 events):
Event: 0.012 Loaded shared library C:\Program Files\Android\Android Studio1\jbr\bin\java.dll

Deoptimization events (0 events):
No events

Classes unloaded (0 events):
No events

Classes redefined (0 events):
No events

Internal exceptions (0 events):
No events

VM Operations (0 events):
No events

Events (0 events):
No events


Dynamic libraries:
0x00007ff75e440000 - 0x00007ff75e44a000 	C:\Program Files\Android\Android Studio1\jbr\bin\java.EXE
0x00007ffb0e170000 - 0x00007ffb0e387000 	C:\WINDOWS\SYSTEM32\ntdll.dll
0x00007ffb0c960000 - 0x00007ffb0ca24000 	C:\WINDOWS\System32\KERNEL32.DLL
0x00007ffb0b610000 - 0x00007ffb0b9c9000 	C:\WINDOWS\System32\KERNELBASE.dll
0x00007ffb060f0000 - 0x00007ffb06187000 	C:\WINDOWS\SYSTEM32\apphelp.dll
0x00007ffb0bcf0000 - 0x00007ffb0be01000 	C:\WINDOWS\System32\ucrtbase.dll
0x00007ffadf350000 - 0x00007ffadf367000 	C:\Program Files\Android\Android Studio1\jbr\bin\jli.dll
0x00007ffb0c200000 - 0x00007ffb0c3ae000 	C:\WINDOWS\System32\USER32.dll
0x00007ffb0b470000 - 0x00007ffb0b496000 	C:\WINDOWS\System32\win32u.dll
0x00007ffb0d5c0000 - 0x00007ffb0d5e9000 	C:\WINDOWS\System32\GDI32.dll
0x00007ffb0bb10000 - 0x00007ffb0bc2b000 	C:\WINDOWS\System32\gdi32full.dll
0x00007ffb0ba70000 - 0x00007ffb0bb0a000 	C:\WINDOWS\System32\msvcp_win.dll
0x00007ffaed550000 - 0x00007ffaed56b000 	C:\Program Files\Android\Android Studio1\jbr\bin\VCRUNTIME140.dll
0x00007ffaf9cb0000 - 0x00007ffaf9f42000 	C:\WINDOWS\WinSxS\amd64_microsoft.windows.common-controls_6595b64144ccf1df_6.0.22621.4391_none_2715d37f73803e96\COMCTL32.dll
0x00007ffb0ce50000 - 0x00007ffb0cef7000 	C:\WINDOWS\System32\msvcrt.dll
0x00007ffb0c3d0000 - 0x00007ffb0c401000 	C:\WINDOWS\System32\IMM32.DLL
0x00007ffaee300000 - 0x00007ffaee30c000 	C:\Program Files\Android\Android Studio1\jbr\bin\vcruntime140_1.dll
0x00007ffaa9090000 - 0x00007ffaa911d000 	C:\Program Files\Android\Android Studio1\jbr\bin\msvcp140.dll
0x00007ffa67410000 - 0x00007ffa68093000 	C:\Program Files\Android\Android Studio1\jbr\bin\server\jvm.dll
0x00007ffb0cc70000 - 0x00007ffb0cd22000 	C:\WINDOWS\System32\ADVAPI32.dll
0x00007ffb0c830000 - 0x00007ffb0c8d7000 	C:\WINDOWS\System32\sechost.dll
0x00007ffb0ba40000 - 0x00007ffb0ba68000 	C:\WINDOWS\System32\bcrypt.dll
0x00007ffb0cd30000 - 0x00007ffb0ce44000 	C:\WINDOWS\System32\RPCRT4.dll
0x00007ffb0a300000 - 0x00007ffb0a34d000 	C:\WINDOWS\SYSTEM32\POWRPROF.dll
0x00007ffaf34c0000 - 0x00007ffaf34c9000 	C:\WINDOWS\SYSTEM32\WSOCK32.dll
0x00007ffb0cbf0000 - 0x00007ffb0cc61000 	C:\WINDOWS\System32\WS2_32.dll
0x00007ffb06500000 - 0x00007ffb06534000 	C:\WINDOWS\SYSTEM32\WINMM.dll
0x00007ffb06420000 - 0x00007ffb0642a000 	C:\WINDOWS\SYSTEM32\VERSION.dll
0x00007ffb0a2e0000 - 0x00007ffb0a2f3000 	C:\WINDOWS\SYSTEM32\UMPDC.dll
0x00007ffb0a5a0000 - 0x00007ffb0a5b8000 	C:\WINDOWS\SYSTEM32\kernel.appcore.dll
0x00007ffaf34b0000 - 0x00007ffaf34ba000 	C:\Program Files\Android\Android Studio1\jbr\bin\jimage.dll
0x00007ffaf3970000 - 0x00007ffaf3ba2000 	C:\WINDOWS\SYSTEM32\DBGHELP.DLL
0x00007ffb0c4a0000 - 0x00007ffb0c82f000 	C:\WINDOWS\System32\combase.dll
0x00007ffb0be90000 - 0x00007ffb0bf67000 	C:\WINDOWS\System32\OLEAUT32.dll
0x00007ffb073a0000 - 0x00007ffb073d2000 	C:\WINDOWS\SYSTEM32\dbgcore.DLL
0x00007ffb0be10000 - 0x00007ffb0be8b000 	C:\WINDOWS\System32\bcryptPrimitives.dll
0x00007ffadb480000 - 0x00007ffadb4a5000 	C:\Program Files\Android\Android Studio1\jbr\bin\java.dll

dbghelp: loaded successfully - version: 4.0.5 - missing functions: none
symbol engine: initialized successfully - sym options: 0x614 - pdb path: .;C:\Program Files\Android\Android Studio1\jbr\bin;C:\WINDOWS\SYSTEM32;C:\WINDOWS\WinSxS\amd64_microsoft.windows.common-controls_6595b64144ccf1df_6.0.22621.4391_none_2715d37f73803e96;C:\Program Files\Android\Android Studio1\jbr\bin\server

VM Arguments:
java_command: <unknown>
java_class_path (initial): <not set>
Launcher Type: SUN_STANDARD

[Global flags]
     intx CICompilerCount                          = 4                                         {product} {ergonomic}
     uint ConcGCThreads                            = 2                                         {product} {ergonomic}
     uint G1ConcRefinementThreads                  = 8                                         {product} {ergonomic}
   size_t G1HeapRegionSize                         = 2097152                                   {product} {ergonomic}
    uintx GCDrainStackTargetSize                   = 64                                        {product} {ergonomic}
   size_t InitialHeapSize                          = 266338304                                 {product} {ergonomic}
   size_t MarkStackSize                            = 4194304                                   {product} {ergonomic}
   size_t MaxHeapSize                              = 4253024256                                {product} {ergonomic}
   size_t MinHeapDeltaBytes                        = 2097152                                   {product} {ergonomic}
   size_t MinHeapSize                              = 8388608                                   {product} {ergonomic}
    uintx NonNMethodCodeHeapSize                   = 5839372                                {pd product} {ergonomic}
    uintx NonProfiledCodeHeapSize                  = 122909434                              {pd product} {ergonomic}
    uintx ProfiledCodeHeapSize                     = 122909434                              {pd product} {ergonomic}
    uintx ReservedCodeCacheSize                    = 251658240                              {pd product} {ergonomic}
     bool SegmentedCodeCache                       = true                                      {product} {ergonomic}
   size_t SoftMaxHeapSize                          = 4253024256                             {manageable} {ergonomic}
     bool UseCompressedClassPointers               = true                           {product lp64_product} {ergonomic}
     bool UseCompressedOops                        = true                           {product lp64_product} {ergonomic}
     bool UseG1GC                                  = true                                      {product} {ergonomic}
     bool UseLargePagesIndividualAllocation        = false                                  {pd product} {ergonomic}

Logging:
Log output configuration:
 #0: stdout all=warning uptime,level,tags
 #1: stderr all=off uptime,level,tags

Environment Variables:
PATH=C:\Windows\system32;C:\Windows;C:\Windows\System32\Wbem;C:\Windows\System32\WindowsPowerShell\v1.0\;C:\Windows\System32\OpenSSH\;C:\Program Files (x86)\NVIDIA Corporation\PhysX\Common;C:\Program Files\NVIDIA Corporation\NVIDIA NvDLISR;C:\WINDOWS\system32;C:\WINDOWS;C:\WINDOWS\System32\Wbem;C:\WINDOWS\System32\WindowsPowerShell\v1.0\;C:\WINDOWS\System32\OpenSSH\;C:\Program Files (x86)\dotnet\;C:\Program Files\nodejs\;C:\Program Files\Git\cmd;C:\Users\Raghad\AppData\Local\Microsoft\WindowsApps;C:\Users\Raghad\AppData\Local\Programs\Microsoft VS Code\bin;C:\Users\Raghad\AppData\Local\GitHubDesktop\bin;C:\ProgramData\Raghad\GitHubDesktop\bin;C:\c\flutter\flutter\bin;C:\Users\Raghad\AppData\Local\Android\Sdk\tools;C:\Users\Raghad\AppData\Local\Android\Sdk\emulator;C:\Users\Raghad\AppData\Local\Android\Sdk\platform-tools;C:\Users\Raghad\AppData\Roaming\npm;C:\c\flutter\flutter\bin\mingit\cmd;C:\c\flutter\flutter\bin\mingit\cmd
USERNAME=Raghad
OS=Windows_NT
PROCESSOR_IDENTIFIER=Intel64 Family 6 Model 142 Stepping 12, GenuineIntel
TMP=C:\Users\Raghad\AppData\Local\Temp
TEMP=C:\Users\Raghad\AppData\Local\Temp



Periodic native trim disabled

JNI global refs:
JNI global refs: 0, weak refs: 0

JNI global refs memory usage: 0, weak refs: 0

OOME stack traces (most recent first):
Classloader memory used:


---------------  S Y S T E M  ---------------

OS:
 Windows 11 , 64 bit Build 22621 (10.0.22621.4391)
OS uptime: 0 days 0:10 hours

CPU: total 8 (initial active 8) (4 cores per cpu, 2 threads per core) family 6 model 142 stepping 12 microcode 0xde, cx8, cmov, fxsr, ht, mmx, 3dnowpref, sse, sse2, sse3, ssse3, sse4.1, sse4.2, popcnt, lzcnt, tsc, tscinvbit, avx, avx2, aes, erms, clmul, bmi1, bmi2, adx, fma, vzeroupper, clflush, clflushopt
Processor Information for all 8 processors :
  Max Mhz: 2304, Current Mhz: 2304, Mhz Limit: 1797

Memory: 4k page, system-wide physical 16217M (2434M free)
TotalPageFile size 16217M (AvailPageFile size 57M)
current process WorkingSet (physical memory assigned to process): 12M, peak: 12M
current process commit charge ("private bytes"): 60M, peak: 314M

vm_info: OpenJDK 64-Bit Server VM (17.0.9+0--11185874) for windows-amd64 JRE (17.0.9+0--11185874), built on Dec  6 2023 18:57:44 by "androidbuild" with MS VC++ 16.10 / 16.11 (VS2019)

END.
